       0.0272655000000000        0.0000000000000000
       0.0545310000000000        0.0000000000000000
       0.0817965000000000        0.0000000000000000
       0.1090620000000000        0.0000000000000000
       0.1363275000000000        0.0000000000000000
       0.1635930000000000        0.0000000000000000
       0.1908585000000000        0.0000000000000000
       0.2181240000000000        0.0000000000000000
       0.2453895000000000        0.0000000000000000
       0.2726550000000000        0.0000000000000000
       0.2999205000000000        0.0000000000000000
       0.3271860000000000        0.0000000000000000
       0.3544515000000000        0.0000000000000000
       0.3817170000000000        0.0000000000000000
       0.4089825000000000        0.0000000000000000
       0.4362480000000000        0.0000000000000000
       0.4635135000000000        0.0000000000000000
       0.4907790000000000        0.0000000000000000
       0.5180445000000000        0.0000000000000000
       0.5453100000000001        0.0000000000000000
       0.5725755000000000        0.0000000000000000
       0.5998410000000001        0.0000000000000000
       0.6271065000000000        0.0000000000000000
       0.6543720000000001        0.0000000000000000
       0.6816375000000000        0.0000000000000000
       0.7089030000000001        0.0000000000000000
       0.7361685000000000        0.0000000000000000
       0.7634340000000001        0.0000000000000000
       0.7906995000000000        0.0000000000000000
       0.8179650000000001        0.0000000000000000
       0.8452305000000000        0.0000000000000000
       0.8724960000000000        0.0000000000000000
       0.8997615000000001        0.0000000000000000
       0.9270270000000000        0.0000000000000000
       0.9542925000000001        0.0000000000000000
       0.9815580000000000        0.0000000000000000
       1.0088235000000001        0.0000000000000000
       1.0360890000000000        0.0000000000000000
       1.0633545000000000        0.0000000000000000
       1.0906200000000001        0.0000000000000000
       1.1178855000000001        0.0000000000000000
       1.1451510000000000        0.0000000000000000
       1.1724165000000000        0.0000000000000000
       1.1996820000000001        0.0000000000000000
       1.2269475000000001        0.0000000000000000
       1.2542130000000000        0.0000000000000000
       1.2814785000000000        0.0000000000000000
       1.3087440000000001        0.0000000000000000
       1.3360095000000001        0.0000000000000000
       1.3632750000000000        0.0000000000000000
       1.3905405000000002        0.0000000000000000
       1.4178060000000001        0.0000000000000000
       1.4450715000000001        0.0000000000000000
       1.4723370000000000        0.0000000000000000
       1.4996025000000002        0.0000000000000000
       1.5268680000000001        0.0000000000000000
       1.5541335000000001        0.0000000000000000
       1.5813990000000000        0.0000000000000000
       1.6086645000000002        0.0000000000000000
       1.6359300000000001        0.0000000000000000
       1.6631955000000000        0.0000000000000000
       1.6904610000000000        0.0000000000000000
       1.7177265000000002        0.0000000000000000
       1.7449920000000001        0.0000000000000000
       1.7722575000000000        0.0000000000000000
       1.7995230000000002        0.0000000000000000
       1.8267885000000001        0.0000000000000000
       1.8540540000000001        0.0000000000000000
       1.8813195000000000        0.0000000000000000
       1.9085850000000002        0.0000000000000000
       1.9358505000000001        0.0000000000000000
       1.9631160000000001        0.0000000000000000
       1.9903815000000000        0.0000000000000000
       2.0176470000000002        0.0000000000000000
       2.0449125000000001        0.0000000000000000
       2.0721780000000001        0.0000000000000000
       2.0994435000000000        0.0000000000000000
       2.1267090000000000        0.0000000000000000
       2.1539744999999999        0.0000000000000000
       2.1812400000000003        0.0000000000000000
       2.2085055000000002        0.0000000000000000
       2.2357710000000002        0.0000000000000000
       2.2630365000000001        0.0000000000000000
       2.2903020000000001        0.0000000000000000
       2.3175675000000000        0.0000000000000000
       2.3448329999999999        0.0000000000000000
       2.3720985000000003        0.0000000000000000
       2.3993640000000003        0.0001551476246941
       2.4266295000000002        0.0000000000000000
       2.4538950000000002        0.0000000000000000
       2.4811605000000001        0.0000000000000000
       2.5084260000000000        0.0001418794359039
       2.5356915000000000        0.0009717986887368
       2.5629569999999999        0.0009511229092609
       2.5902225000000003        0.0013301428806681
       2.6174880000000003        0.0019536488751862
       2.6447535000000002        0.0026787164557238
       2.6720190000000001        0.0043734178164005
       2.6992845000000001        0.0080804157847069
       2.7265500000000000        0.0098385251308383
       2.7538155000000000        0.0155240198175283
       2.7810810000000004        0.0221376539938137
       2.8083465000000003        0.0313180387789149
       2.8356120000000002        0.0403629843526664
       2.8628775000000002        0.0548227233285114
       2.8901430000000001        0.0674489000116760
       2.9174085000000001        0.0905898759729682
       2.9446740000000000        0.1066948008791324
       2.9719395000000000        0.1312746018877269
       2.9992050000000003        0.1574195274762758
       3.0264705000000003        0.1946639504514601
       3.0537360000000002        0.2237691482940265
       3.0810015000000002        0.2680502784061636
       3.1082670000000001        0.3231911454847904
       3.1355325000000001        0.3556246785492840
       3.1627980000000000        0.4097754132313912
       3.1900635000000004        0.4597469401788916
       3.2173290000000003        0.5233659038192635
       3.2445945000000003        0.5813127343475866
       3.2718600000000002        0.6352583901037155
       3.2991255000000002        0.7079560028577934
       3.3263910000000001        0.7653095595521849
       3.3536565000000000        0.8378016397137301
       3.3809220000000000        0.9071540376452211
       3.4081875000000004        0.9826089120635734
       3.4354530000000003        1.0413746293281383
       3.4627185000000003        1.1099693449239385
       3.4899840000000002        1.1739541374195097
       3.5172495000000001        1.2236630057347078
       3.5445150000000001        1.2676650218089114
       3.5717805000000000        1.3179220123356867
       3.5990460000000004        1.3617009685765387
       3.6263115000000004        1.4145681168227509
       3.6535770000000003        1.4610388489651127
       3.6808425000000002        1.5200281455971003
       3.7081080000000002        1.5405047345498031
       3.7353735000000001        1.5652567822121444
       3.7626390000000001        1.5922698692936388
       3.7899045000000000        1.5974118386720382
       3.8171700000000004        1.6233631511544293
       3.8444355000000003        1.6223609281719489
       3.8717010000000003        1.6322595748786137
       3.8989665000000002        1.6419555407075261
       3.9262320000000002        1.6163244230146050
       3.9534975000000001        1.6235560560401816
       3.9807630000000001        1.6249942232127859
       4.0080285000000000        1.6142871508772940
       4.0352940000000004        1.6066137906748832
       4.0625594999999999        1.5805241213637780
       4.0898250000000003        1.5633836877249059
       4.1170905000000007        1.5421524891131460
       4.1443560000000002        1.5232586462392921
       4.1716215000000005        1.4898627464220158
       4.1988870000000000        1.4811010082667715
       4.2261525000000004        1.4560684847600676
       4.2534179999999999        1.4292955515713903
       4.2806835000000003        1.3970234049699426
       4.3079489999999998        1.3914548157358970
       4.3352145000000002        1.3588218779962100
       4.3624800000000006        1.3318914152766390
       4.3897455000000001        1.3248915899663425
       4.4170110000000005        1.3011116398093241
       4.4442765000000000        1.2742611585426793
       4.4715420000000003        1.2518340950521190
       4.4988074999999998        1.2392504463187066
       4.5260730000000002        1.2030696163453765
       4.5533385000000006        1.1918325633159161
       4.5806040000000001        1.1760353875323846
       4.6078695000000005        1.1572229944186398
       4.6351350000000000        1.1544825568654098
       4.6624005000000004        1.1320721509467710
       4.6896659999999999        1.1051368655018121
       4.7169315000000003        1.0968717785091613
       4.7441970000000007        1.0825673824476005
       4.7714625000000002        1.0574781188890590
       4.7987280000000005        1.0616593940661418
       4.8259935000000000        1.0477949641794346
       4.8532590000000004        1.0318748561690438
       4.8805244999999999        1.0248193773759302
       4.9077900000000003        1.0142436837260986
       4.9350555000000007        1.0030731453375790
       4.9623210000000002        0.9879758274964336
       4.9895865000000006        0.9772497150248973
       5.0168520000000001        0.9725893688622000
       5.0441175000000005        0.9578875057956797
       5.0713830000000000        0.9476222604174399
       5.0986485000000004        0.9482791711817021
       5.1259139999999999        0.9348123912821477
       5.1531795000000002        0.9256557593886545
       5.1804450000000006        0.9170698544175614
       5.2077105000000001        0.9134243747217368
       5.2349760000000005        0.9070839643682888
       5.2622415000000000        0.9022040506303185
       5.2895070000000004        0.8914754310530819
       5.3167724999999999        0.9033385875397915
       5.3440380000000003        0.8998706012499831
       5.3713035000000007        0.8993795645377856
       5.3985690000000002        0.8899295634714428
       5.4258345000000006        0.8879797261711641
       5.4531000000000001        0.9040508640069207
       5.4803655000000004        0.8902094438973811
       5.5076309999999999        0.8926883779998341
       5.5348965000000003        0.8893973659307033
       5.5621620000000007        0.8939297567966664
       5.5894275000000002        0.8989560637830049
       5.6166930000000006        0.8890188926541052
       5.6439585000000001        0.9015167007237090
       5.6712240000000005        0.9028905712796635
       5.6984895000000000        0.8956714129506643
       5.7257550000000004        0.9054096883301114
       5.7530205000000008        0.9074435537653882
       5.7802860000000003        0.9032112754355041
       5.8075515000000006        0.9168271382719259
       5.8348170000000001        0.9104998572008075
       5.8620825000000005        0.9125119705285487
       5.8893480000000000        0.9156242101465526
       5.9166135000000004        0.9144839762603909
       5.9438789999999999        0.9155356333362675
       5.9711445000000003        0.9143900341905818
       5.9984100000000007        0.9205742998351449
       6.0256755000000002        0.9244346273676963
       6.0529410000000006        0.9323764247823048
       6.0802065000000001        0.9349796830115502
       6.1074720000000005        0.9386643396821138
       6.1347375000000000        0.9364013934165407
       6.1620030000000003        0.9558663463785320
       6.1892685000000007        0.9518902680084697
       6.2165340000000002        0.9518027833202740
       6.2437995000000006        0.9619863864343973
       6.2710650000000001        0.9660930223508324
       6.2983305000000005        0.9740943300068761
       6.3255960000000000        0.9725680971129164
       6.3528615000000004        0.9850297941910422
       6.3801270000000008        0.9813167156281496
       6.4073925000000003        0.9884100542891909
       6.4346580000000007        0.9945338869645935
       6.4619235000000002        0.9904736923099847
       6.4891890000000005        0.9966179778119979
       6.5164545000000000        1.0019563559914078
       6.5437200000000004        0.9993430974084201
       6.5709855000000008        1.0075615200556829
       6.5982510000000003        1.0106198710561667
       6.6255165000000007        1.0074933455439963
       6.6527820000000002        1.0177466552671870
       6.6800475000000006        1.0257323319713545
       6.7073130000000001        1.0221232266734557
       6.7345785000000005        1.0312458600590149
       6.7618440000000000        1.0285142042485744
       6.7891095000000004        1.0355841057366910
       6.8163750000000007        1.0332530666151272
       6.8436405000000002        1.0424355906301077
       6.8709060000000006        1.0409418194979729
       6.8981715000000001        1.0435751081407805
       6.9254370000000005        1.0386667628816959
       6.9527025000000000        1.0425328360678059
       6.9799680000000004        1.0466160178978150
       7.0072335000000008        1.0434001250511904
       7.0344990000000003        1.0489449236605810
       7.0617645000000007        1.0483822057758900
       7.0890300000000002        1.0495433198245807
       7.1162955000000006        1.0544017061645663
       7.1435610000000000        1.0593810442579561
       7.1708265000000004        1.0502561485267687
       7.1980920000000008        1.0673289907219721
       7.2253575000000003        1.0506143863746655
       7.2526230000000007        1.0602405400738768
       7.2798885000000002        1.0548743797109268
       7.3071540000000006        1.0609797348401122
       7.3344195000000001        1.0499937791331209
       7.3616850000000005        1.0554308433537205
       7.3889505000000000        1.0554666064148726
       7.4162160000000004        1.0630310636779194
       7.4434815000000008        1.0498204182143482
       7.4707470000000002        1.0703604304280678
       7.4980125000000006        1.0520453251800834
       7.5252780000000001        1.0604946856195367
       7.5525435000000005        1.0491553803792539
       7.5798090000000000        1.0555676187631411
       7.6070745000000004        1.0563168668807399
       7.6343400000000008        1.0613467609949179
       7.6616055000000003        1.0552873579034889
       7.6888710000000007        1.0523301356428194
       7.7161365000000002        1.0488524301602107
       7.7434020000000006        1.0541617562076038
       7.7706675000000001        1.0519300322877754
       7.7979330000000004        1.0456668941955110
       7.8251985000000008        1.0413611941570451
       7.8524640000000003        1.0494778766822246
       7.8797295000000007        1.0468390945806132
       7.9069950000000002        1.0371817502350131
       7.9342605000000006        1.0383862584259971
       7.9615260000000001        1.0383755850496192
       7.9887915000000005        1.0472820630696322
       8.0160570000000000        1.0400474066552370
       8.0433225000000004        1.0402414689341428
       8.0705880000000008        1.0439187896726085
       8.0978535000000011        1.0324031121102089
       8.1251189999999998        1.0299032569791637
       8.1523845000000001        1.0260671962803827
       8.1796500000000005        1.0324296047593373
       8.2069155000000009        1.0306999144671540
       8.2341810000000013        1.0274023244463957
       8.2614464999999999        1.0314860792890792
       8.2887120000000003        1.0271760041990563
       8.3159775000000007        1.0194539830040779
       8.3432430000000011        1.0294384804576215
       8.3705084999999997        1.0187490199926084
       8.3977740000000001        1.0105006676956041
       8.4250395000000005        1.0149186991652843
       8.4523050000000008        1.0060147368007379
       8.4795705000000012        1.0033400477576158
       8.5068359999999998        1.0093706760592738
       8.5341015000000002        1.0084311993842940
       8.5613670000000006        1.0032046283183944
       8.5886325000000010        0.9948655414364043
       8.6158979999999996        1.0017912338149531
       8.6431635000000000        0.9998464752082684
       8.6704290000000004        1.0024429909397932
       8.6976945000000008        0.9968958152969835
       8.7249600000000012        0.9947845721249715
       8.7522254999999998        0.9938481952203385
       8.7794910000000002        0.9930306161373300
       8.8067565000000005        0.9974006300265286
       8.8340220000000009        0.9888829404523128
       8.8612875000000013        0.9888101416662590
       8.8885529999999999        0.9857260992826017
       8.9158185000000003        0.9871518299400964
       8.9430840000000007        0.9851971484610796
       8.9703495000000011        0.9884765735757590
       8.9976149999999997        0.9897943754078941
       9.0248805000000001        0.9889901847938427
       9.0521460000000005        0.9933337172586426
       9.0794115000000009        0.9943731185030864
       9.1066770000000012        0.9926267525487640
       9.1339424999999999        0.9910745580905852
       9.1612080000000002        0.9912433622827400
       9.1884735000000006        0.9851718009718711
       9.2157390000000010        0.9901253748935790
       9.2430045000000014        0.9948478005768575
       9.2702700000000000        0.9899954443034301
       9.2975355000000004        0.9870680100802531
       9.3248010000000008        0.9964619743439836
       9.3520665000000012        0.9984387289448706
       9.3793319999999998        0.9984829590523193
       9.4065975000000002        0.9934653551203925
       9.4338630000000006        0.9944298145713365
       9.4611285000000009        1.0001848440670993
       9.4883940000000013        0.9997780806937560
       9.5156594999999999        0.9952517079875193
       9.5429250000000003        0.9953312528595203
       9.5701905000000007        0.9998995262390391
       9.5974560000000011        0.9970544954053081
       9.6247214999999997        1.0026095266805850
       9.6519870000000001        1.0051010231360100
       9.6792525000000005        1.0085976851933971
       9.7065180000000009        0.9974047476980679
       9.7337835000000013        1.0051544424961294
       9.7610489999999999        1.0091214241410480
       9.7883145000000003        1.0059858128436248
       9.8155800000000006        1.0055440379653662
       9.8428455000000010        1.0101370606524229
       9.8701110000000014        1.0063286967470486
       9.8973765000000000        1.0002870215668345
       9.9246420000000004        1.0041764516923182
       9.9519075000000008        1.0151339235031620
       9.9791730000000012        1.0075594212238967
      10.0064384999999998        1.0131051720643134
      10.0337040000000002        1.0147761498959338
      10.0609695000000006        1.0178662004102617
      10.0882350000000010        1.0116682062379441
      10.1155005000000013        1.0125488077313625
      10.1427659999999999        1.0099711164201579
      10.1700315000000003        1.0162411943593770
      10.1972970000000007        1.0167076552802385
      10.2245625000000011        1.0179338505072208
      10.2518279999999997        1.0153920872284219
      10.2790935000000001        1.0193489265252220
      10.3063590000000005        1.0203155471600736
      10.3336245000000009        1.0204783329903109
      10.3608900000000013        1.0170704014463163
      10.3881554999999999        1.0233901706934703
      10.4154210000000003        1.0190931304799555
      10.4426865000000006        1.0196983815007834
      10.4699520000000010        1.0213738265290613
      10.4972175000000014        1.0243598750828120
      10.5244830000000000        1.0195239176241766
      10.5517485000000004        1.0236461753357353
      10.5790140000000008        1.0254735899230218
      10.6062795000000012        1.0199887494013167
      10.6335449999999998        1.0248115156275239
      10.6608105000000002        1.0167262648455171
      10.6880760000000006        1.0176071541068898
      10.7153415000000010        1.0232695624391841
      10.7426070000000013        1.0277106264161073
      10.7698725000000000        1.0190265801573239
      10.7971380000000003        1.0247014961594050
      10.8244035000000007        1.0176578935222398
      10.8516690000000011        1.0202648386143054
      10.8789344999999997        1.0177239042403439
      10.9062000000000001        0.0000000000000000
