       0.0271027500000000        0.0000000000000000
       0.0542055000000000        0.0000000000000000
       0.0813082500000000        0.0000000000000000
       0.1084110000000000        0.0000000000000000
       0.1355137500000000        0.0000000000000000
       0.1626165000000000        0.0000000000000000
       0.1897192500000000        0.0000000000000000
       0.2168220000000000        0.0000000000000000
       0.2439247500000000        0.0000000000000000
       0.2710275000000000        0.0000000000000000
       0.2981302500000000        0.0000000000000000
       0.3252330000000000        0.0000000000000000
       0.3523357500000000        0.0000000000000000
       0.3794385000000000        0.0000000000000000
       0.4065412500000000        0.0000000000000000
       0.4336440000000000        0.0000000000000000
       0.4607467500000000        0.0000000000000000
       0.4878495000000000        0.0000000000000000
       0.5149522500000000        0.0000000000000000
       0.5420550000000001        0.0000000000000000
       0.5691577500000000        0.0000000000000000
       0.5962605000000001        0.0000000000000000
       0.6233632500000000        0.0000000000000000
       0.6504660000000000        0.0000000000000000
       0.6775687500000001        0.0000000000000000
       0.7046715000000000        0.0000000000000000
       0.7317742500000001        0.0000000000000000
       0.7588770000000000        0.0000000000000000
       0.7859797500000001        0.0000000000000000
       0.8130825000000000        0.0000000000000000
       0.8401852500000001        0.0000000000000000
       0.8672880000000001        0.0000000000000000
       0.8943907500000000        0.0000000000000000
       0.9214935000000001        0.0000000000000000
       0.9485962500000000        0.0000000000000000
       0.9756990000000001        0.0000000000000000
       1.0028017500000002        0.0000000000000000
       1.0299045000000000        0.0000000000000000
       1.0570072500000001        0.0000000000000000
       1.0841100000000001        0.0000000000000000
       1.1112127500000000        0.0000000000000000
       1.1383155000000000        0.0000000000000000
       1.1654182500000001        0.0000000000000000
       1.1925210000000002        0.0000000000000000
       1.2196237500000000        0.0000000000000000
       1.2467265000000001        0.0000000000000000
       1.2738292500000001        0.0000000000000000
       1.3009320000000000        0.0000000000000000
       1.3280347500000000        0.0000000000000000
       1.3551375000000001        0.0000000000000000
       1.3822402500000002        0.0000000000000000
       1.4093430000000000        0.0000000000000000
       1.4364457500000001        0.0000000000000000
       1.4635485000000001        0.0000000000000000
       1.4906512500000002        0.0000000000000000
       1.5177540000000000        0.0000000000000000
       1.5448567500000001        0.0000000000000000
       1.5719595000000002        0.0000000000000000
       1.5990622500000000        0.0000000000000000
       1.6261650000000001        0.0000000000000000
       1.6532677500000001        0.0000000000000000
       1.6803705000000002        0.0000000000000000
       1.7074732500000001        0.0000000000000000
       1.7345760000000001        0.0000000000000000
       1.7616787500000002        0.0000000000000000
       1.7887815000000000        0.0000000000000000
       1.8158842500000001        0.0000000000000000
       1.8429870000000002        0.0000000000000000
       1.8700897500000002        0.0000000000000000
       1.8971925000000001        0.0000000000000000
       1.9242952500000001        0.0000000000000000
       1.9513980000000002        0.0000000000000000
       1.9785007500000000        0.0000000000000000
       2.0056035000000003        0.0000000000000000
       2.0327062499999999        0.0000000000000000
       2.0598090000000000        0.0000000000000000
       2.0869117500000001        0.0000000000000000
       2.1140145000000001        0.0000000000000000
       2.1411172500000002        0.0000000000000000
       2.1682200000000003        0.0000000000000000
       2.1953227500000003        0.0000000000000000
       2.2224254999999999        0.0000000000000000
       2.2495282500000000        0.0000000000000000
       2.2766310000000001        0.0000000000000000
       2.3037337500000001        0.0000000000000000
       2.3308365000000002        0.0000000000000000
       2.3579392500000003        0.0000000000000000
       2.3850420000000003        0.0000000000000000
       2.4121447499999999        0.0000000000000000
       2.4392475000000000        0.0000000000000000
       2.4663502500000001        0.0000000000000000
       2.4934530000000001        0.0000000000000000
       2.5205557500000002        0.0000000000000000
       2.5476585000000003        0.0000000000000000
       2.5747612500000003        0.0000000000000000
       2.6018640000000000        0.0002604865166915
       2.6289667500000000        0.0010204634117043
       2.6560695000000001        0.0004998191790172
       2.6831722500000001        0.0017140275906954
       2.7102750000000002        0.0017997302068607
       2.7373777500000003        0.0041162173758598
       2.7644805000000003        0.0063415154669778
       2.7915832500000004        0.0100624745535141
       2.8186860000000000        0.0111996192846684
       2.8457887500000001        0.0171864886625093
       2.8728915000000002        0.0205975280098947
       2.8999942500000002        0.0322562795371955
       2.9270970000000003        0.0433768843651193
       2.9541997500000003        0.0521667710806725
       2.9813025000000004        0.0690506045632240
       3.0084052500000000        0.0936838502172689
       3.0355080000000001        0.1100691967697340
       3.0626107500000002        0.1363715176905302
       3.0897135000000002        0.1586910018200634
       3.1168162500000003        0.1841093877228381
       3.1439190000000004        0.2190455272814477
       3.1710217500000004        0.2574862931670065
       3.1981245000000000        0.3035401789699745
       3.2252272500000001        0.3296530450745843
       3.2523300000000002        0.3852142994068707
       3.2794327500000002        0.4330851720740858
       3.3065355000000003        0.4782078343411461
       3.3336382500000004        0.5307501884240845
       3.3607410000000004        0.6012387680821700
       3.3878437500000000        0.6441904940575836
       3.4149465000000001        0.6958083958706122
       3.4420492500000002        0.7459427504273798
       3.4691520000000002        0.7906982273756049
       3.4962547500000003        0.8436872269992166
       3.5233575000000004        0.8996263866566926
       3.5504602500000004        0.9367394879951462
       3.5775630000000000        1.0001011149425310
       3.6046657500000001        1.0367545441275559
       3.6317685000000002        1.0562722356826375
       3.6588712500000002        1.1178434986671062
       3.6859740000000003        1.1364707978288116
       3.7130767500000004        1.1687786163365483
       3.7401795000000004        1.1931186054486882
       3.7672822500000001        1.2213425994002360
       3.7943850000000001        1.2597468965416379
       3.8214877500000002        1.2616758125062550
       3.8485905000000002        1.2981307657441514
       3.8756932500000003        1.3023212869276264
       3.9027960000000004        1.3144605505793592
       3.9298987500000004        1.3399073474163103
       3.9570015000000001        1.3434355404296658
       3.9841042500000001        1.3767959394254932
       4.0112070000000006        1.3901855616857535
       4.0383097500000007        1.3869311934045097
       4.0654124999999999        1.4036757742896078
       4.0925152499999999        1.4034919714903822
       4.1196180000000000        1.4381242571840467
       4.1467207500000001        1.4366916703129766
       4.1738235000000001        1.4412742681963056
       4.2009262500000002        1.4425329198983321
       4.2280290000000003        1.4622585113618884
       4.2551317500000003        1.4589570584379823
       4.2822345000000004        1.4799949752202537
       4.3093372500000005        1.4597713076545622
       4.3364400000000005        1.4539911891924733
       4.3635427500000006        1.4580170953343534
       4.3906455000000006        1.4514483517352099
       4.4177482500000007        1.4507333061390826
       4.4448509999999999        1.4314864181493858
       4.4719537499999999        1.4443801737689583
       4.4990565000000000        1.4200827146544772
       4.5261592500000001        1.4217579106016740
       4.5532620000000001        1.3902256537788136
       4.5803647500000002        1.3818062566760494
       4.6074675000000003        1.3638547471016713
       4.6345702500000003        1.3488023689082247
       4.6616730000000004        1.3336842095258987
       4.6887757500000005        1.3018191785479778
       4.7158785000000005        1.2868953662018587
       4.7429812500000006        1.2740216129850264
       4.7700840000000007        1.2580787232574875
       4.7971867500000007        1.2487821637205483
       4.8242894999999999        1.2211028112683420
       4.8513922500000000        1.1906455838792043
       4.8784950000000000        1.1670567428313749
       4.9055977500000001        1.1712971745825658
       4.9327005000000002        1.1475722000830006
       4.9598032500000002        1.1370634434664517
       4.9869060000000003        1.1092175380897513
       5.0140087500000003        1.1035422398281682
       5.0411115000000004        1.0918143911873217
       5.0682142500000005        1.0694479866588189
       5.0953170000000005        1.0660111665505014
       5.1224197500000006        1.0454370655351415
       5.1495225000000007        1.0372773227105183
       5.1766252500000007        1.0269723269868321
       5.2037279999999999        1.0088248132499240
       5.2308307500000000        1.0033073221061954
       5.2579335000000000        1.0014663676887228
       5.2850362500000001        0.9818378912642791
       5.3121390000000002        0.9689288479854195
       5.3392417500000002        0.9687826874246538
       5.3663445000000003        0.9685897989861766
       5.3934472500000004        0.9637692706150482
       5.4205500000000004        0.9560716178930437
       5.4476527500000005        0.9429240735622503
       5.4747555000000006        0.9297849880776387
       5.5018582500000006        0.9266788827190588
       5.5289610000000007        0.9297844718936054
       5.5560637500000007        0.9148054581901409
       5.5831665000000008        0.9209443638672549
       5.6102692500000000        0.9110993026162821
       5.6373720000000000        0.9138156382343858
       5.6644747500000001        0.9071203992536654
       5.6915775000000002        0.9170202806746516
       5.7186802500000002        0.8931013882923120
       5.7457830000000003        0.9006620065547313
       5.7728857500000004        0.8873649285664829
       5.7999885000000004        0.8910593210242694
       5.8270912500000005        0.8925035739474475
       5.8541940000000006        0.8739572593314601
       5.8812967500000006        0.8916757296583704
       5.9083995000000007        0.8837714859961034
       5.9355022500000008        0.8852547527006217
       5.9626050000000008        0.8873893455627431
       5.9897077500000000        0.8905971634715069
       6.0168105000000001        0.8830096231689328
       6.0439132500000001        0.8786414405060883
       6.0710160000000002        0.8738403083195789
       6.0981187500000003        0.8817459648762990
       6.1252215000000003        0.8837541390599242
       6.1523242500000004        0.8849284656908484
       6.1794270000000004        0.8827430891964138
       6.2065297500000005        0.8822682827056699
       6.2336325000000006        0.8863238737163681
       6.2607352500000006        0.8880179185554866
       6.2878380000000007        0.8932625374723153
       6.3149407500000008        0.9031087869018799
       6.3420435000000008        0.8965664375811464
       6.3691462500000000        0.9023289286397492
       6.3962490000000001        0.9162716906651611
       6.4233517500000001        0.9129356449961422
       6.4504545000000002        0.9176466641977479
       6.4775572500000003        0.9239382454039978
       6.5046600000000003        0.9357878833266073
       6.5317627500000004        0.9382494365231997
       6.5588655000000005        0.9408215176077862
       6.5859682500000005        0.9481268451018510
       6.6130710000000006        0.9520351726334665
       6.6401737500000007        0.9677304978917186
       6.6672765000000007        0.9671551065216875
       6.6943792500000008        0.9666940254034795
       6.7214820000000008        0.9836612968705036
       6.7485847500000000        0.9842434790517367
       6.7756875000000001        0.9952607703967914
       6.8027902500000001        0.9996917182606434
       6.8298930000000002        1.0107627885948063
       6.8569957500000003        1.0114547859520719
       6.8840985000000003        1.0164483035379770
       6.9112012500000004        1.0266324038673043
       6.9383040000000005        1.0366990227005910
       6.9654067500000005        1.0349866271315711
       6.9925095000000006        1.0443408307964677
       7.0196122500000007        1.0447558158888595
       7.0467150000000007        1.0507428180640119
       7.0738177500000008        1.0569223557045173
       7.1009205000000009        1.0598674291535206
       7.1280232500000009        1.0574964410614474
       7.1551260000000001        1.0671408005718201
       7.1822287500000002        1.0661502424040912
       7.2093315000000002        1.0706041609099857
       7.2364342500000003        1.0686893856192290
       7.2635370000000004        1.0762354789973094
       7.2906397500000004        1.0783835677788167
       7.3177425000000005        1.0759398895404084
       7.3448452500000005        1.0830485146560465
       7.3719480000000006        1.0806284611483861
       7.3990507500000007        1.0748393758703108
       7.4261535000000007        1.0722342718118496
       7.4532562500000008        1.0853715230886913
       7.4803590000000009        1.0803705489461612
       7.5074617500000009        1.0765942312011876
       7.5345645000000001        1.0830096002592733
       7.5616672500000002        1.0871151969417510
       7.5887700000000002        1.0770844959179959
       7.6158727500000003        1.0779786252882857
       7.6429755000000004        1.0739310775875472
       7.6700782500000004        1.0660140356205692
       7.6971810000000005        1.0768482701825930
       7.7242837500000006        1.0665177503057939
       7.7513865000000006        1.0697708765098415
       7.7784892500000007        1.0693781937246969
       7.8055920000000008        1.0639064549914805
       7.8326947500000008        1.0567578846548293
       7.8597975000000009        1.0608651936360343
       7.8869002500000009        1.0598800136498221
       7.9140030000000001        1.0540744472046351
       7.9411057500000002        1.0524469014976299
       7.9682085000000002        1.0479625944814841
       7.9953112500000003        1.0525131188731243
       8.0224140000000013        1.0516591797132409
       8.0495167500000004        1.0423748882137351
       8.0766195000000014        1.0418347111076254
       8.1037222500000006        1.0363457323656218
       8.1308249999999997        1.0394878885521619
       8.1579277500000007        1.0432888366290214
       8.1850304999999999        1.0405351142925134
       8.2121332500000008        1.0306423013486183
       8.2392360000000000        1.0348361074795458
       8.2663387500000010        1.0292930110776179
       8.2934415000000001        1.0212801521813391
       8.3205442500000011        1.0305084851474642
       8.3476470000000003        1.0236787079305334
       8.3747497500000012        1.0197239490445287
       8.4018525000000004        1.0146579864562766
       8.4289552500000013        1.0142933265165950
       8.4560580000000005        1.0187112599849073
       8.4831607499999997        1.0166903488250500
       8.5102635000000006        1.0125351903764186
       8.5373662499999998        1.0055539809810916
       8.5644690000000008        1.0081279082462631
       8.5915717500000000        1.0095108949254945
       8.6186745000000009        1.0106915138637271
       8.6457772500000001        1.0052214304998839
       8.6728800000000010        1.0016035848433298
       8.6999827500000002        1.0069155591778791
       8.7270855000000012        1.0060168166053309
       8.7541882500000003        0.9993307881219845
       8.7812910000000013        1.0033662469882174
       8.8083937500000005        0.9998652319501604
       8.8354965000000014        0.9948522585030393
       8.8625992500000006        1.0031865007075411
       8.8897019999999998        0.9975568280555522
       8.9168047500000007        1.0010913482761727
       8.9439074999999999        0.9971248078476517
       8.9710102500000009        0.9985600402266229
       8.9981130000000000        0.9987924263125659
       9.0252157500000010        0.9924821033665926
       9.0523185000000002        0.9892518514943242
       9.0794212500000011        1.0006610817099324
       9.1065240000000003        0.9956334573408465
       9.1336267500000012        0.9939628261895791
       9.1607295000000004        0.9928993319184363
       9.1878322500000014        0.9946093622103033
       9.2149350000000005        0.9987142390888718
       9.2420377500000015        0.9911969300535303
       9.2691405000000007        0.9992731845424272
       9.2962432499999998        0.9987222612411653
       9.3233460000000008        0.9936808661972102
       9.3504487500000000        0.9991804482894904
       9.3775515000000009        0.9981216596380906
       9.4046542500000001        1.0004025056913075
       9.4317570000000011        0.9960302408659206
       9.4588597500000002        1.0014329703766167
       9.4859625000000012        1.0050947413880886
       9.5130652500000004        1.0000445639323035
       9.5401680000000013        0.9975159789818059
       9.5672707500000005        1.0019403428015825
       9.5943735000000014        1.0022588009419349
       9.6214762500000006        1.0043630967208721
       9.6485789999999998        0.9988992052768485
       9.6756817500000007        1.0039300577609400
       9.7027844999999999        1.0050226670787274
       9.7298872500000009        1.0042297463224057
       9.7569900000000001        1.0116285518143839
       9.7840927500000010        1.0035012838777637
       9.8111955000000002        1.0049197947590780
       9.8382982500000011        1.0107639289012791
       9.8654010000000003        1.0063879772708495
       9.8925037500000013        1.0078830307687583
       9.9196065000000004        1.0089465459996751
       9.9467092500000014        1.0177214105732633
       9.9738120000000006        1.0106511508554297
      10.0009147500000015        1.0164315880737773
      10.0280175000000007        1.0129036561927234
      10.0551202499999999        1.0113978989157404
      10.0822230000000008        1.0164177039423579
      10.1093257500000000        1.0097863690256648
      10.1364285000000010        1.0103724976151705
      10.1635312500000001        1.0158249241776909
      10.1906340000000011        1.0184838907596947
      10.2177367500000003        1.0198852363112734
      10.2448395000000012        1.0232829861319608
      10.2719422500000004        1.0242841388391573
      10.2990450000000013        1.0168559566559936
      10.3261477500000005        1.0244813799283690
      10.3532505000000015        1.0251735410243448
      10.3803532500000006        1.0182694365261893
      10.4074559999999998        1.0238856861836134
      10.4345587500000008        1.0215396735301725
      10.4616614999999999        1.0216101249350826
      10.4887642500000009        1.0207914707429169
      10.5158670000000001        1.0263912467470222
      10.5429697500000010        1.0194929291886101
      10.5700725000000002        1.0204972945106432
      10.5971752500000012        1.0171079627100930
      10.6242780000000003        1.0218309088972450
      10.6513807500000013        1.0176100050672900
      10.6784835000000005        1.0177761261608114
      10.7055862500000014        1.0222627966953506
      10.7326890000000006        1.0206538739898494
      10.7597917500000015        1.0179525689736886
      10.7868945000000007        1.0142956957772116
      10.8139972499999999        1.0179034273351446
      10.8411000000000008        0.0000000000000000
