       0.0272655000000000        0.0000000000000000        0.0000000000000000        0.0000000000000000        0.0000000000000000        0.0000000000000000
       0.0545310000000000        0.0000000000000000        0.0000000000000000        0.0000000000000000        0.0000000000000000        0.0000000000000000
       0.0817965000000000        0.0000000000000000        0.0000000000000000        0.0000000000000000        0.0000000000000000        0.0000000000000000
       0.1090620000000000        0.0000000000000000        0.0000000000000000        0.0000000000000000        0.0000000000000000        0.0000000000000000
       0.1363275000000000        0.0000000000000000        0.0000000000000000        0.0000000000000000        0.0000000000000000        0.0000000000000000
       0.1635930000000000        0.0000000000000000        0.0000000000000000        0.0000000000000000        0.0000000000000000        0.0000000000000000
       0.1908585000000000        0.0000000000000000        0.0000000000000000        0.0000000000000000        0.0000000000000000        0.0000000000000000
       0.2181240000000000        0.0000000000000000        0.0000000000000000        0.0000000000000000        0.0000000000000000        0.0000000000000000
       0.2453895000000000        0.0000000000000000        0.0000000000000000        0.0000000000000000        0.0000000000000000        0.0000000000000000
       0.2726550000000000        0.0000000000000000        0.0000000000000000        0.0000000000000000        0.0000000000000000        0.0000000000000000
       0.2999205000000000        0.0000000000000000        0.0000000000000000        0.0000000000000000        0.0000000000000000        0.0000000000000000
       0.3271860000000000        0.0000000000000000        0.0000000000000000        0.0000000000000000        0.0000000000000000        0.0000000000000000
       0.3544515000000000        0.0000000000000000        0.0000000000000000        0.0000000000000000        0.0000000000000000        0.0000000000000000
       0.3817170000000000        0.0000000000000000        0.0000000000000000        0.0000000000000000        0.0000000000000000        0.0000000000000000
       0.4089825000000000        0.0000000000000000        0.0000000000000000        0.0000000000000000        0.0000000000000000        0.0000000000000000
       0.4362480000000000        0.0000000000000000        0.0000000000000000        0.0000000000000000        0.0000000000000000        0.0000000000000000
       0.4635135000000000        0.0000000000000000        0.0000000000000000        0.0000000000000000        0.0000000000000000        0.0000000000000000
       0.4907790000000000        0.0000000000000000        0.0000000000000000        0.0000000000000000        0.0000000000000000        0.0000000000000000
       0.5180445000000000        0.0000000000000000        0.0000000000000000        0.0000000000000000        0.0000000000000000        0.0000000000000000
       0.5453100000000001        0.0000000000000000        0.0000000000000000        0.0000000000000000        0.0000000000000000        0.0000000000000000
       0.5725755000000000        0.0000000000000000        0.0000000000000000        0.0000000000000000        0.0000000000000000        0.0000000000000000
       0.5998410000000001        0.0000000000000000        0.0000000000000000        0.0000000000000000        0.0000000000000000        0.0000000000000000
       0.6271065000000000        0.0000000000000000        0.0000000000000000        0.0000000000000000        0.0000000000000000        0.0000000000000000
       0.6543720000000001        0.0000000000000000        0.0000000000000000        0.0000000000000000        0.0000000000000000        0.0000000000000000
       0.6816375000000000        0.0000000000000000        0.0000000000000000        0.0000000000000000        0.0000000000000000        0.0000000000000000
       0.7089030000000001        0.0000000000000000        0.0000000000000000        0.0000000000000000        0.0000000000000000        0.0000000000000000
       0.7361685000000000        0.0000000000000000        0.0000000000000000        0.0000000000000000        0.0000000000000000        0.0000000000000000
       0.7634340000000001        0.0000000000000000        0.0000000000000000        0.0000000000000000        0.0000000000000000        0.0000000000000000
       0.7906995000000000        0.0000000000000000        0.0000000000000000        0.0000000000000000        0.0000000000000000        0.0000000000000000
       0.8179650000000001        0.0000000000000000        0.0000000000000000        0.0000000000000000        0.0000000000000000        0.0000000000000000
       0.8452305000000000        0.0000000000000000        0.0000000000000000        0.0000000000000000        0.0000000000000000        0.0000000000000000
       0.8724960000000000        0.0000000000000000        0.0000000000000000        0.0000000000000000        0.0000000000000000        0.0000000000000000
       0.8997615000000001        0.0000000000000000        0.0000000000000000        0.0000000000000000        0.0000000000000000        0.0000000000000000
       0.9270270000000000        0.0000000000000000        0.0000000000000000        0.0000000000000000        0.0000000000000000        0.0000000000000000
       0.9542925000000001        0.0000000000000000        0.0000000000000000        0.0000000000000000        0.0000000000000000        0.0000000000000000
       0.9815580000000000        0.0000000000000000        0.0000000000000000        0.0000000000000000        0.0000000000000000        0.0000000000000000
       1.0088235000000001        0.0000000000000000        0.0000000000000000        0.0000000000000000        0.0000000000000000        0.0000000000000000
       1.0360890000000000        0.0000000000000000        0.0000000000000000        0.0000000000000000        0.0000000000000000        0.0000000000000000
       1.0633545000000000        0.0000000000000000        0.0000000000000000        0.0000000000000000        0.0000000000000000        0.0000000000000000
       1.0906200000000001        0.0000000000000000        0.0000000000000000        0.0000000000000000        0.0000000000000000        0.0000000000000000
       1.1178855000000001        0.0000000000000000        0.0000000000000000        0.0000000000000000        0.0000000000000000        0.0000000000000000
       1.1451510000000000        0.0000000000000000        0.0000000000000000        0.0000000000000000        0.0000000000000000        0.0000000000000000
       1.1724165000000000        0.0000000000000000        0.0000000000000000        0.0000000000000000        0.0000000000000000        0.0000000000000000
       1.1996820000000001        0.0000000000000000        0.0000000000000000        0.0000000000000000        0.0000000000000000        0.0000000000000000
       1.2269475000000001        0.0000000000000000        0.0000000000000000        0.0000000000000000        0.0000000000000000        0.0000000000000000
       1.2542130000000000        0.0000000000000000        0.0000000000000000        0.0000000000000000        0.0000000000000000        0.0000000000000000
       1.2814785000000000        0.0000000000000000        0.0000000000000000        0.0000000000000000        0.0000000000000000        0.0000000000000000
       1.3087440000000001        0.0000000000000000        0.0000000000000000        0.0000000000000000        0.0000000000000000        0.0000000000000000
       1.3360095000000001        0.0000000000000000        0.0000000000000000        0.0000000000000000        0.0000000000000000        0.0000000000000000
       1.3632750000000000        0.0000000000000000        0.0000000000000000        0.0000000000000000        0.0000000000000000        0.0000000000000000
       1.3905405000000002        0.0000000000000000        0.0000000000000000        0.0000000000000000        0.0000000000000000        0.0000000000000000
       1.4178060000000001        0.0000000000000000        0.0000000000000000        0.0000000000000000        0.0000000000000000        0.0000000000000000
       1.4450715000000001        0.0000000000000000        0.0000000000000000        0.0000000000000000        0.0000000000000000        0.0000000000000000
       1.4723370000000000        0.0000000000000000        0.0000000000000000        0.0000000000000000        0.0000000000000000        0.0000000000000000
       1.4996025000000002        0.0000000000000000        0.0000000000000000        0.0000000000000000        0.0000000000000000        0.0000000000000000
       1.5268680000000001        0.0000000000000000        0.0000000000000000        0.0000000000000000        0.0000000000000000        0.0000000000000000
       1.5541335000000001        0.0000000000000000        0.0000000000000000        0.0000000000000000        0.0000000000000000        0.0000000000000000
       1.5813990000000000        0.0000000000000000        0.0000000000000000        0.0000000000000000        0.0000000000000000        0.0000000000000000
       1.6086645000000002        0.0000000000000000        0.0000000000000000        0.0000000000000000        0.0000000000000000        0.0000000000000000
       1.6359300000000001        0.0000000000000000        0.0000000000000000        0.0000000000000000        0.0000000000000000        0.0000000000000000
       1.6631955000000000        0.0000000000000000        0.0000000000000000        0.0000000000000000        0.0000000000000000        0.0000000000000000
       1.6904610000000000        0.0000000000000000        0.0000000000000000        0.0000000000000000        0.0000000000000000        0.0000000000000000
       1.7177265000000002        0.0000000000000000        0.0000000000000000        0.0000000000000000        0.0000000000000000        0.0000000000000000
       1.7449920000000001        0.0000000000000000        0.0000000000000000        0.0000000000000000        0.0000000000000000        0.0000000000000000
       1.7722575000000000        0.0000000000000000        0.0000000000000000        0.0000000000000000        0.0000000000000000        0.0000000000000000
       1.7995230000000002        0.0000000000000000        0.0000000000000000        0.0000000000000000        0.0000000000000000        0.0000000000000000
       1.8267885000000001        0.0000000000000000        0.0000000000000000        0.0000000000000000        0.0000000000000000        0.0000000000000000
       1.8540540000000001        0.0000000000000000        0.0000000000000000        0.0000000000000000        0.0000000000000000        0.0000000000000000
       1.8813195000000000        0.0000000000000000        0.0000000000000000        0.0000000000000000        0.0000000000000000        0.0000000000000000
       1.9085850000000002        0.0000000000000000        0.0000000000000000        0.0000000000000000        0.0000000000000000        0.0000000000000000
       1.9358505000000001        0.0000000000000000        0.0000000000000000        0.0000000000000000        0.0000000000000000        0.0000000000000000
       1.9631160000000001        0.0000000000000000        0.0000000000000000        0.0000000000000000        0.0000000000000000        0.0000000000000000
       1.9903815000000000        0.0000000000000000        0.0000000000000000        0.0000000000000000        0.0000000000000000        0.0000000000000000
       2.0176470000000002        0.0000000000000000        0.0000000000000000        0.0000000000000000        0.0000000000000000        0.0000000000000000
       2.0449125000000001        0.0000000000000000        0.0000000000000000        0.0000000000000000        0.0000000000000000        0.0000000000000000
       2.0721780000000001        0.0000000000000000        0.0000000000000000        0.0000000000000000        0.0000000000000000        0.0000000000000000
       2.0994435000000000        0.0000000000000000        0.0000000000000000        0.0000000000000000        0.0000000000000000        0.0000000000000000
       2.1267090000000000        0.0000000000000000        0.0000000000000000        0.0000000000000000        0.0000000000000000        0.0000000000000000
       2.1539744999999999        0.0000000000000000        0.0000000000000000        0.0000000000000000        0.0000000000000000        0.0000000000000000
       2.1812400000000003        0.0000000000000000        0.0000000000000000        0.0000000000000000        0.0000000000000000        0.0000000000000000
       2.2085055000000002        0.0000000000000000        0.0000000000000000        0.0000000000000000        0.0000000000000000        0.0000000000000000
       2.2357710000000002        0.0000000000000000        0.0000000000000000        0.0000000000000000        0.0000000000000000        0.0000000000000000
       2.2630365000000001        0.0000000000000000        0.0000000000000000        0.0000000000000000        0.0000000000000000        0.0000000000000000
       2.2903020000000001        0.0000000000000000        0.0000000000000000        0.0000000000000000        0.0000000000000000        0.0000000000000000
       2.3175675000000000        0.0000000000000000        0.0000000000000000        0.0000000000000000        0.0000000000000000        0.0000000000000000
       2.3448329999999999        0.0000000000000000        0.0000000000000000        0.0000000000000000        0.0000000000000000        0.0000000000000000
       2.3720985000000003        0.0000000000000000        0.0000000000000000        0.0000000000000000        0.0000000000000000        0.0000000000000000
       2.3993640000000003       -0.0032351908794335       -0.0032747637786376        0.0077452628446945       -0.0073063639821163        0.0004388988625741
       2.4266295000000002        0.0000000000000000        0.0000000000000000        0.0000000000000000        0.0000000000000000        0.0000000000000000
       2.4538950000000002        0.0000000000000000        0.0000000000000000        0.0000000000000000        0.0000000000000000        0.0000000000000000
       2.4811605000000001        0.0000000000000000        0.0000000000000000        0.0000000000000000        0.0000000000000000        0.0000000000000000
       2.5084260000000000       -0.0009676658630412       -0.0030437956077382        0.0131455285923357       -0.0108258237559343        0.0023197048363976
       2.5356915000000000       -0.0014495173822864       -0.0049781784899335       -0.0083799299595914        0.0112666369771544        0.0028867070175369
       2.5629569999999999       -0.0143767083412561        0.0000001893647775       -0.0029899583181360       -0.0116660469299330       -0.0146560052480945
       2.5902225000000003       -0.0117992174351533       -0.0073215469448228        0.0168347381930311       -0.0211609504172593       -0.0043262122242639
       2.6174880000000003        0.0122072204786726        0.0038095179047725       -0.0399990046660034        0.0470682595353093        0.0070692548692535
       2.6447535000000002       -0.0534288392135011       -0.0211130689637170        0.0398012334121223       -0.0720431325166146       -0.0322418991045641
       2.6720190000000001        0.0126883886587886       -0.0021239193287128        0.0116630572579109        0.0006657217910553        0.0123287790488487
       2.6992845000000001        0.0440728795810097       -0.0326274312779163       -0.0637588854412831        0.1395835902957615        0.0758247048542617
       2.7265500000000000        0.0295744978946526        0.0119894360263861        0.0096832673162649        0.0063119708827713        0.0159952381987720
       2.7538155000000000        0.0690206200400640       -0.0083131767124693        0.0291085582698022        0.0448347386344675        0.0739432969038531
       2.7810810000000004       -0.0378234508038081       -0.0031968647637335       -0.0384979283965388       -0.0024055275517723       -0.0409034559489050
       2.8083465000000003        0.1091192006800934        0.0607074316027926       -0.0221875199864949        0.0725763946086614        0.0503888746213263
       2.8356120000000002        0.1123304150484134       -0.0020059681404368       -0.0315719398875171        0.1387199582529213        0.1071480183643210
       2.8628775000000002        0.0338401741657769       -0.0084631954344604        0.0969359186736870       -0.0562242820117668        0.0407116366604493
       2.8901430000000001        0.1197728958125220        0.0611138261233389       -0.1110235160983868        0.1601494791806800        0.0491259630804831
       2.9174085000000001        0.2399817541172314        0.0319205912539623        0.0814826196438482        0.1192281451976378        0.2007107648390550
       2.9446740000000000        0.1212170654361197        0.1503416706907762        0.2053967126285259       -0.2448822691679782       -0.0394855565423146
       2.9719395000000000        0.1824905393578813       -0.0506814339537843       -0.1035016273339919        0.3331124866812326        0.2296108593437187
       2.9992050000000003        0.0969747168854824        0.0805299489248107        0.2600871826672260       -0.2569154225638284        0.0031717600991744
       3.0264705000000003        0.2339048151628328        0.0728301146161523       -0.0462986236810968        0.2019097181967240        0.1556110945104057
       3.0537360000000002       -0.1073269883502219       -0.0814508181014843        0.1709734952008563       -0.1978014255948631       -0.0268279304000117
       3.0810015000000002        0.1181701485671277       -0.0281294835808383        0.0156412945459189        0.1119294999913804        0.1275707945301078
       3.1082670000000001        0.0440559953414161        0.0565041829404499        0.1982151345065921       -0.2108894418992044       -0.0126743074012838
       3.1355325000000001        0.0693309803628682        0.1290400935601744        0.2289488241802823       -0.3008831572631703       -0.0719343330924300
       3.1627980000000000        0.0661099078727147        0.0641007215185629       -0.1042368910608454        0.1051640406165076        0.0009271495446677
       3.1900635000000004        0.3083795223815795        0.0502695389995167        0.1582025669567281        0.0962936786921087        0.2544962456365016
       3.2173290000000003        0.3752677904329564        0.1686066872436995       -0.0407515701731249        0.2327204904118862        0.1919689202247190
       3.2445945000000003       -0.2993149949729981       -0.0488056327209308        0.5275807791862822       -0.7924208994549178       -0.2648401202842341
       3.2718600000000002        0.1616535923642209        0.0981173349810059       -0.2081727179552878        0.2807144995962717        0.0725417816239385
       3.2991255000000002        0.1621247141136300       -0.0291561258973724       -0.0116656079334288        0.2163911894170580        0.2047255814646325
       3.3263910000000001       -0.2031482404594676        0.1315754699078370       -0.0973286953589820       -0.2631418064361666       -0.3604705018156826
       3.3536565000000000       -0.1162689977642962       -0.1030554433261132        0.5217242148477177       -0.5652061267596108       -0.0434819119343754
       3.3809220000000000        0.0754552050230985        0.1045303348746784        0.0345652094875341       -0.0692506105130890       -0.0346854010498949
       3.4081875000000004       -0.0688170049773013       -0.1746803161386845       -0.0039305826820848        0.1355810110095565        0.1316504283011127
       3.4354530000000003       -0.1437192378819792        0.0282922640216099       -0.1562975239695285       -0.0167666312732112       -0.1730641552706809
       3.4627185000000003       -0.1809802858386459        0.0518783755579235       -0.2883991984532533        0.0382892664725718       -0.2501099320104586
       3.4899840000000002        0.0458208525601406        0.0264158037914022        0.1348492462308909       -0.1292637202317019        0.0055855259676899
       3.5172495000000001        0.1749969561530678        0.0415871794997255       -0.5703235396979612        0.7010122001034590        0.1306886603726521
       3.5445150000000001       -0.5902696369008675       -0.1752091533460014        0.4270341062384135       -0.8359101246147060       -0.4088760184103070
       3.5717805000000000       -0.2877870614722906       -0.0211460799224321       -0.1919115880363685       -0.0624356422290163       -0.2543472303007394
       3.5990460000000004       -0.1718153190022384       -0.0078804633144829       -0.5467618171722567        0.3956724690812739       -0.1510893481275147
       3.6263115000000004       -0.3648006688865606        0.0015471634193587       -0.0031486943626139       -0.3417250850225316       -0.3448737794231073
       3.6535770000000003        0.3255838839593203        0.3114309145001252       -0.3325417816859409        0.3586612150980655        0.0261194333729300
       3.6808425000000002       -0.2285069125870586       -0.1768280099985240        0.0114904818053298       -0.0566347113008839       -0.0451442295363353
       3.7081080000000002       -0.6292979321024303       -0.5444639132509913       -0.6412200247621279        0.5765455542683515       -0.0646744705351212
       3.7353735000000001        0.0025985426401534       -0.3624362411990625       -0.0208779244470930        0.4020906860341141        0.3812127615450500
       3.7626390000000001        0.0147515633972712        0.1219112800513305       -0.2410039215692000        0.1427600413957289       -0.0982438802162219
       3.7899045000000000        0.1362173305159470       -0.1395718501662059        0.1275306838380356        0.1452007291641195        0.2727314129592922
       3.8171700000000004       -0.0662039753259562        0.0835241943290387       -0.5352732340434854        0.3867374565626883       -0.1485357775243380
       3.8444355000000003        0.6107152476378324        0.2852526984742441       -0.4779431870350481        0.8011740713864123        0.3232308843078358
       3.8717010000000003        0.5266309384509358        0.6739506134693527       -0.1437930287309011        0.0226969739612403       -0.1210960548134516
       3.8989665000000002        0.2309782321087921        0.1291903196440926       -0.4733921915622959        0.5598009725322526        0.0864087809258982
       3.9262320000000002        0.3212319178419676        0.0654899159668595       -0.7726741488013861        1.0358997984044789        0.2632256495596886
       3.9534975000000001       -0.1720584989264695        0.1885813380273927       -0.3945179021728563        0.0279002942778285       -0.3666176079385673
       3.9807630000000001       -0.0958782076840280        0.2380407242627369        0.1894642870082839       -0.5220179288675990       -0.3325536419029169
       4.0080285000000000        0.0627207484421281        0.1825638152399190        0.0641075706058783       -0.1725857536666160       -0.1084781831040616
       4.0352940000000004       -0.0619286839102162        0.3079444987386782        0.0549570325785630       -0.3995203191575013       -0.3445632866220407
       4.0625594999999999        0.1390815152095791        0.0865252001650727       -0.2572506536363685        0.3163210256220779        0.0590703719432914
       4.0898250000000003        0.0335021214353021       -0.3105522672878513       -0.8473074449293936        1.2034118938133533        0.3561044488420251
       4.1170905000000007        0.0678448481401978        0.0954176011473464       -0.4315029346758984        0.3894744762667170       -0.0420284584505543
       4.1443560000000002       -0.1596894351948166       -0.3743646923039047       -0.3723334574712336        0.5579022406220130        0.1855687831098987
       4.1716215000000005        0.0821804146787841        0.0157137064295247       -0.1375542306762967        0.2131007475574492        0.0755465168411755
       4.1988870000000000        0.4771563746665596        0.0345252328923650       -0.6619612166800866        1.1028917886472436        0.4409305719274412
       4.2261525000000004        0.2011536700555999        0.2210242788794961        0.0445213960801764       -0.0546054506203316       -0.0100840545792269
       4.2534179999999999        0.1492457946640653       -0.0029137789779455       -0.9373016771359766        1.0899316512909565        0.1526299741166370
       4.2806835000000003        0.0009617930674776       -0.1113500227875737       -0.1321205742822807        0.2423089427423853        0.1101883684226176
       4.3079489999999998       -0.0784850349463955       -0.0022541377617666       -0.4028728299300133        0.3296406178244392       -0.0732322121429068
       4.3352145000000002        0.2667284731154134        0.0298753599635596       -0.4214915109602239        0.6646475280047623        0.2431560170080737
       4.3624800000000006       -0.3195670362985472       -0.2774576294404550       -0.3117831006784375        0.2656005030460558       -0.0461825976681124
       4.3897455000000001       -0.8801855898338559       -0.3524189495775821        0.2081099146335378       -0.7221018147252342       -0.5139919001272654
       4.4170110000000005       -0.4493480483564324       -0.1599309843080135        0.3158852066041312       -0.5956446533685040       -0.2797594467992938
       4.4442765000000000       -0.5447403456347146       -0.3807535669716489       -0.1831188302368044        0.0118787567512033       -0.1712400735197951
       4.4715420000000003       -0.2058798247935449        0.1575764285986500        0.0943803943386722       -0.4577670373278410       -0.3633866430227488
       4.4988074999999998       -0.4131646372703049       -0.1615838411974635       -0.1935158210352984       -0.0900959144887925       -0.2836117355573347
       4.5260730000000002        0.2309774336450611        0.0339482320710291       -0.0884604458543230        0.2588412303160544        0.1703807844294491
       4.5533385000000006       -0.1640763107774543        0.0397610806484831       -0.3204907402454380        0.1059988044577797       -0.2144919358196412
       4.5806040000000001        0.2102142040466708       -0.0537538490358566       -0.1078501337841688        0.3704122961293165        0.2625621623135922
       4.6078695000000005       -0.3160258762511888       -0.0028399133874926        0.4623041802933546       -0.7672509351090596       -0.3049467548467527
       4.6351350000000000        0.0414345635749464       -0.1707147923616404        0.0729254562882023        0.1374153136968742        0.2103407699540850
       4.6624005000000004       -0.1788692362903567        0.0743447651898577        0.0975401753915096       -0.3571421042485520       -0.2596019288874176
       4.6896659999999999       -0.1839051421463714       -0.1508411776327908        0.0654660131383762       -0.1057073629675872       -0.0402413498588564
       4.7169315000000003       -0.0139763120951282       -0.2148020306022802        0.3883584322298860       -0.1934161202708860        0.1949423119295789
       4.7441970000000007       -0.2519640758088977       -0.0315392110486652        0.1399512204705330       -0.3666615355163269       -0.2267103150748535
       4.7714625000000002        0.2353151894789428        0.0896348923175210       -0.0186829613266345        0.1679153765399982        0.1492324151849872
       4.7987280000000005       -0.1408611528919317       -0.1250148601236456        0.2103380340919458       -0.2124546983645243       -0.0021166643010642
       4.8259935000000000        0.2457519636239680        0.1914149518380341        0.1214073882608909       -0.0557245341014104        0.0656828541313673
       4.8532590000000004        0.2737360963399903        0.2297438441183476        0.2210277678432744       -0.1783853629299409        0.0426424048856551
       4.8805244999999999       -0.3535949295571131       -0.1161174564878450       -0.1814061671395275       -0.0579989980567471       -0.2394051652237838
       4.9077900000000003        0.1425215416430998        0.1718121558139329        0.5353995607738293       -0.5684757488905268       -0.0330761881439102
       4.9350555000000007        0.0511649630301149        0.2570883165785102        0.2956358586657972       -0.5164210426387266       -0.2207851839998417
       4.9623210000000002       -0.1840409939306979       -0.1495152903990733        0.5061915215145693       -0.5394645935818171       -0.0332730720937540
       4.9895865000000006        0.3078779787114078        0.0891738059929062       -0.0505026758640662        0.2868519416202634        0.2363492657299697
       5.0168520000000001        0.0985253327164378        0.0752261887088312        0.4372054483790253       -0.4122868342526533        0.0249186141002770
       5.0441175000000005       -0.1591803140965619       -0.0458972509349103        0.4467039993097924       -0.5599074819051526       -0.1132034826210644
       5.0713830000000000       -0.0904944915470739        0.0653210114498181        0.1918220774588774       -0.3687828579464566       -0.1769607805129955
       5.0986485000000004       -0.0711882557418867       -0.1749364716740677       -0.1977976578483822        0.3225205198978914        0.1247228620240673
       5.1259139999999999       -0.3355730865388643       -0.1006198457004482        0.1847385445637423       -0.4415171204524910       -0.2567785759138362
       5.1531795000000002       -0.1933713140211512       -0.2247832545130611        0.0159424629261717        0.0059451580757503        0.0218876209770880
       5.1804450000000006        0.1276712642646556        0.1959724278372427        0.3697317748826383       -0.4264587084586593       -0.0567269336006235
       5.2077105000000001       -0.2138972398298532       -0.0089012214792285        0.0301591415562225       -0.2351957471792474       -0.2050366056475351
       5.2349760000000005        0.2562162979339362        0.1356938269172920        0.1376739247404966       -0.0203487230478005        0.1173252016683690
       5.2622415000000000        0.3497419328300622        0.0496874908120449        0.1217392384233475        0.1680321223530276        0.2897713607521702
       5.2895070000000004       -0.1627359492809241        0.0023313411596251        0.0622530461194211       -0.2388112987433335       -0.1765582526478210
       5.3167724999999999       -0.0200447387001448        0.0244415811207487        0.3542138425035760       -0.3957720985691811       -0.0415582560898499
       5.3440380000000003        0.3199056624590992        0.1711881188382265        0.1340255602188884        0.0142369992766489        0.1482625594713854
       5.3713035000000007        0.0020137687241901       -0.0021686128922157       -0.0849057595877143        0.0840378781052864       -0.0008678815065596
       5.3985690000000002       -0.4214029801949354       -0.0525918131731513        0.3849028958012276       -0.7491248081863270       -0.3642219124089688
       5.4258345000000006       -0.0105245435427229       -0.0050571683754181       -0.0874009818896979        0.0722845940314134       -0.0151163878821177
       5.4531000000000001        0.1017991466186210        0.0653832437183817        0.4361735757245060       -0.3983148026517820        0.0378587730484594
       5.4803655000000004        0.1051014498703371        0.0762788692946277        0.2111622205365763       -0.1790818372401518        0.0320803832725339
       5.5076309999999999       -0.1611705937136158       -0.0178645616615023        0.0872737328286566       -0.2221731724814244       -0.1348994396767383
       5.5348965000000003        0.2371397001462889        0.0699114433655158        0.1150216238512208        0.0575324769271670        0.1725541007545277
       5.5621620000000007        0.3197724106334582        0.1056715189567080       -0.1178504856310998        0.3336608875512153        0.2158104018961261
       5.5894275000000002       -0.3829276865240605       -0.1583362601763345        0.2241428657918267       -0.4436628399926471       -0.2195199742249410
       5.6166930000000006        0.0300070080291716        0.0184602428364895        0.2085997167495721       -0.1968905954113706        0.0117091213143452
       5.6439585000000001        0.1972005834860684        0.1594368204844665        0.0918966911958763       -0.0469213151937264        0.0449753759779541
       5.6712240000000005        0.0770865285695591       -0.0669700317833301       -0.1201657050139167        0.2713456816086343        0.1511799765704912
       5.6984895000000000       -0.2937763514366523       -0.0896557794911587        0.3161654777810868       -0.5284536871800722       -0.2122882094230070
       5.7257550000000004       -0.2092075795311887       -0.2219665840554123       -0.1630147800276785        0.1683903986978213        0.0053756186458368
       5.7530205000000008        0.1364468649561716       -0.0030642377380028        0.0171678059077257        0.1140141573338726        0.1311819632172466
       5.7802860000000003       -0.3216088560027130       -0.0926219493892034        0.2076800593039587       -0.4415367617627480       -0.2338567024830262
       5.8075515000000006        0.1822641730743711       -0.0455219446482632        0.0470543938779642        0.1803805139721282        0.2274349078254939
       5.8348170000000001        0.2246295650746883        0.1279769489806098        0.0140640120576170        0.0782346546748103        0.0922986667080040
       5.8620825000000005        0.0227814440274935        0.0782214121615966        0.1153146760772801       -0.1818881502963278       -0.0665734742435416
       5.8893480000000000       -0.1657256282008434       -0.0456562172208898       -0.0083834966772208       -0.1157897958560784       -0.1241732925578622
       5.9166135000000004       -0.0595597758193816        0.0248935113174970       -0.2169993208029062        0.1381423975404230       -0.0788569232870194
       5.9438789999999999       -0.0555710853025175       -0.0715873292150568        0.0874196018389345       -0.0779628444548664        0.0094567573595012
       5.9711445000000003        0.0403217997189563        0.0339926400629079        0.0008233574136280        0.0189276353803016        0.0197509927694043
       5.9984100000000007        0.1019506795630251        0.1424139065882180        0.1876522520058763       -0.2316956027556465       -0.0440433507744649
       6.0256755000000002       -0.1633611791269876       -0.1241047105271261        0.1978003498307188       -0.2454046581100992       -0.0476043083041787
       6.0529410000000006        0.0969618572481800       -0.0614768597511862       -0.0286141044708877        0.1814704343964701        0.1528563299005661
       6.0802065000000001        0.0185985640128074       -0.1050535452234565       -0.1992090060592440        0.3342405524444755        0.1350315463601438
       6.1074720000000005       -0.0442479154219464        0.0501262434735794       -0.0161281333117499       -0.0736697141097450       -0.0897978474466794
       6.1347375000000000        0.0588745503902628        0.1155997998249949       -0.0948860518800275        0.0435718028184257       -0.0513142490867315
       6.1620030000000003        0.0263229855560661        0.0630900830310404        0.2476138258850724       -0.2817464444696311       -0.0341326186101950
       6.1892685000000007        0.1973018273264455        0.1071083252340547        0.0790764271577986        0.0004663813545705        0.0795428084868255
       6.2165340000000002       -0.2667238856770792       -0.1047814266373889       -0.0842078998701390       -0.0899135491433751       -0.1741214490390552
       6.2437995000000006        0.0892235442528539       -0.0021268667540550       -0.2309237709004096        0.3279787965223758        0.0970550255961481
       6.2710650000000001        0.2090137104494667        0.0163352283919233        0.1449839304027279        0.0416737763290679        0.1866577067058676
       6.2983305000000005       -0.2990190280267691       -0.1080969664264250       -0.0233763251912658       -0.1668284561275067       -0.1902047813449345
       6.3255960000000000        0.1978415245990029        0.1528291366912545        0.1247129781999985       -0.0865663206462762        0.0381466575276220
       6.3528615000000004       -0.3665465691271538       -0.1658882313373380        0.0685877474511837       -0.2582712068282547       -0.1896834594035018
       6.3801270000000008       -0.2312125251008587       -0.1894086313682166       -0.1671003807713312        0.1335638061419563       -0.0335365746557013
       6.4073925000000003        0.0998010890461073        0.1269522161010551        0.1157510914682570       -0.1565011349286546       -0.0407500434869247
       6.4346580000000007        0.0795160964102775       -0.0475042518463358        0.2202620167161193       -0.0907280090104892        0.1295340076789456
       6.4619235000000002        0.3632531860618683        0.0764097301005632       -0.0890931429807917        0.3777382708294212        0.2886451278220460
       6.4891890000000005        0.2707957716032187       -0.0118127327878664       -0.0850015248410751        0.3787613913286398        0.2937598664608136
       6.5164545000000000        0.3515123173154444        0.0579362952412805       -0.1543686207319995        0.4408117646269639        0.2864431438680746
       6.5437200000000004        0.1435442417508776        0.0916622014442852       -0.0593726062021656        0.1191268368366627        0.0597542306076793
       6.5709855000000008        0.0826277441205715        0.0293836136459057       -0.0822381273740394        0.1348401932874471        0.0526020658863677
       6.5982510000000003        0.1328468121497364       -0.0172964978444936       -0.3647977002593258        0.5221792603967723        0.1573815601103196
       6.6255165000000007        0.2205590407525371        0.0768710141352435       -0.1996427129547728        0.3488305480481997        0.1491878350663837
       6.6527820000000002        0.1584303323230152        0.0299659890736589        0.1074807803411724        0.0342618376691890        0.1417426179830492
       6.6800475000000006       -0.0028053706021082        0.0054162985441335       -0.0961261285420017        0.0683568994660951       -0.0277692291034373
       6.7073130000000001        0.2421481418338520        0.1227120814995245        0.0013293201385172        0.1172328645474878        0.1185621846585673
       6.7345785000000005       -0.0082751159046159        0.0517232133366499        0.1314338950657820       -0.1894024607787168       -0.0579685657405940
       6.7618440000000000        0.1238330307104240       -0.0803778641372554       -0.2226897179472032        0.4297674762870744        0.2070777583122785
       6.7891095000000004        0.2514233461866281        0.1181218981237290       -0.0335046546119746        0.1859616039753100        0.1524569493355352
       6.8163750000000007        0.1606719022909703        0.1725397045034360       -0.2421705856609138        0.2352577930610352       -0.0069127926276298
       6.8436405000000002       -0.0337892320747617       -0.0427656421486205       -0.2724918197217293        0.2839380982852495        0.0114462785355321
       6.8709060000000006       -0.1291552610236113       -0.1013694244827258       -0.0848371734673184        0.0724950697208954       -0.0123421037743578
       6.8981715000000001        0.2925214636729891        0.0380532489090065       -0.2525805828674220        0.5049054540215635        0.2523248711261017
       6.9254370000000005       -0.1017465549746678       -0.0562290923126591        0.1230439756928526       -0.1832561982297255       -0.0602122225647329
       6.9527025000000000        0.0001554075262032       -0.0207717475503243       -0.3747363827609656        0.3896179849486403        0.0148816021597012
       6.9799680000000004        0.1714582600439302        0.0353730438716715       -0.1242421140896538        0.2714975426401915        0.1472554285224383
       7.0072335000000008       -0.0409623868246818       -0.0039655828689209       -0.1999081732959617        0.1501442967502123       -0.0497638765737540
       7.0344990000000003        0.2368760487807800       -0.0516783353993300       -0.2014062747672888        0.4980400743782470        0.2966337995827958
       7.0617645000000007        0.1520942798146717        0.0762004095592031        0.0934481072981027       -0.0108220844692195        0.0826260228007356
       7.0890300000000002       -0.0748898017577905       -0.0030005759295174        0.1112948825264944       -0.1890037951926113       -0.0777089126942872
       7.1162955000000006        0.1284514123133872       -0.0019654200608620        0.0237960239155852        0.1067619103976730        0.1305579342849449
       7.1435610000000000       -0.0490241869144378       -0.0975237528979744       -0.1685008106626451        0.2206256051655870        0.0521247944745149
       7.1708265000000004       -0.3116003877377583       -0.1129978748883252       -0.1917156569723774        0.0060625263098818       -0.1856531306906765
       7.1980920000000008       -0.0142883359603074       -0.0929506406491783       -0.3161552517569912        0.3868531952471154        0.0706979434614872
       7.2253575000000003        0.0829728133311517       -0.0065904684279215       -0.0072389970034562        0.1067955864424804        0.0995565894108175
       7.2526230000000007        0.1120563511920238       -0.0216920155795728        0.0188225169970152        0.1267591859374090        0.1455817029059363
       7.2798885000000002        0.0101065219570943        0.0858281575569468        0.1597795419494716       -0.2413060674609268       -0.0815265255397580
       7.3071540000000006        0.0138536203395127        0.0091639809344507        0.0564190006191108       -0.0494769484538388        0.0069420521367904
       7.3344195000000001        0.2745341295019207        0.0953530427380211       -0.0787409508712413        0.2607896597701945        0.1820487088707685
       7.3616850000000005        0.1869766593050246        0.0298845558601072       -0.1924685830483546        0.3513246974532225        0.1588561143765324
       7.3889505000000000        0.0506113524911840       -0.0384823496225241       -0.2512989085100718        0.3504921759216477        0.0991932673832498
       7.4162160000000004        0.0756256336092416        0.0239171942704436       -0.2493572676659586        0.3095586115480958        0.0602013438535980
       7.4434815000000008       -0.0425546233156545       -0.0474534600996490       -0.2131354725749117        0.2128464868232171       -0.0002889857798764
       7.4707470000000002       -0.2049637213128353       -0.0043179568805192       -0.0062036701386092       -0.1869631103620363       -0.1931667805293593
       7.4980125000000006       -0.0540052818858907       -0.0672322283845319       -0.1328412939371866        0.1498554059941503        0.0170141120287215
       7.5252780000000001       -0.1036903342606750       -0.0603298935106029        0.1145566226148654       -0.1524226235719879       -0.0378660009855784
       7.5525435000000005        0.0948187776370664        0.0742291639738742       -0.0209666655828613        0.0351129741519308        0.0141463085409004
       7.5798090000000000       -0.3895888776541858       -0.1040109674202830        0.1924439765360860       -0.4666953879038959       -0.2742514113961266
       7.6070745000000004       -0.0323564727139957       -0.0232471743526219        0.1221310527939855       -0.1245093090472257       -0.0023782562815836
       7.6343400000000008        0.0558334263774994       -0.0651708424091443       -0.1561849265993106        0.2657872622298139        0.1096023356020117
       7.6616055000000003       -0.3759020557970271       -0.0918926281315001        0.0294606457201946       -0.3075595355369419       -0.2780988898450594
       7.6888710000000007       -0.2457954499002625        0.0004668280996527        0.2028136302706846       -0.4498525807093199       -0.2470389504668764
       7.7161365000000002       -0.1970466751740022       -0.0363997189329193        0.2543702080165526       -0.4252592628908406       -0.1708890549024486
       7.7434020000000006       -0.2154552357474971       -0.0920818817489868        0.1373570528995600       -0.2502542313092818       -0.1128971784380265
       7.7706675000000001       -0.1267337403355465        0.0264338207881826        0.0297204120707534       -0.1764937667042734       -0.1467733546617390
       7.7979330000000004       -0.1024009475668968       -0.0100377325010323        0.0087281214204065       -0.1029939962391041       -0.0942658748467684
       7.8251985000000008       -0.0756237054718151        0.0302250022873116        0.1099349071838764       -0.2105949098004113       -0.1006600026444984
       7.8524640000000003        0.0235207833051801        0.0213337468365673       -0.0450361831469119        0.0418686836745794       -0.0031674995005213
       7.8797295000000007       -0.0092235633066737        0.0621789695895818        0.2013893719655463       -0.2716885014999749       -0.0702991295625245
       7.9069950000000002       -0.2007631665590117       -0.1653391136937334        0.2787341920616869       -0.3155136283334181       -0.0367794362995697
       7.9342605000000006        0.2185676665743404        0.0749215590110172        0.1617841821539993       -0.0169853221042670        0.1447988600218491
       7.9615260000000001        0.1447605833351920        0.1871667556955668        0.1596371160934121       -0.2141468533304301       -0.0545097372648944
       7.9887915000000005        0.0195405560471214        0.1412309042628391       -0.0151559087438436       -0.1099340735426032       -0.1250899823145625
       8.0160570000000000        0.0717790747759983        0.0169440294386721        0.0587191068964069        0.0088195700158006        0.0675386768842822
       8.0433225000000004        0.0438059784978748        0.0232006096492817        0.1884387565579656       -0.1683394216253997        0.0200993349046529
       8.0705880000000008       -0.0669384805896480        0.0096500852962242       -0.0255438961536922       -0.0471147736455126       -0.0726586698272561
       8.0978535000000011       -0.1289644047362876        0.0075452885654665        0.1334646331371915       -0.2731396428498474       -0.1396750097403955
       8.1251189999999998       -0.0432284689498141       -0.0318830002362482       -0.2681315750381897        0.2592523130014536       -0.0088792620643842
       8.1523845000000001        0.0332567467306310       -0.0175859978664034        0.0079569048760640        0.0396642925172907        0.0476211973658202
       8.1796500000000005        0.0660501586855824       -0.0421381292408848        0.1007561738415768        0.0157874288388384        0.1165436026527277
       8.2069155000000009       -0.0765679434304123        0.0115546465883012        0.0838945301762989       -0.1639114707718001       -0.0800169406231603
       8.2341810000000013        0.0585238522697726       -0.0038724096827982        0.0508091307374774        0.0095571142540334        0.0603662449639329
       8.2614464999999999       -0.0955125960266289        0.0246336663377922        0.2085857730829056       -0.3221983255466541       -0.1136125524914503
       8.2887120000000003       -0.1035978875369127        0.0139093453944216        0.2162076165401418       -0.3315270077113940       -0.1153193911988143
       8.3159775000000007        0.0817257761297814        0.0110441857605047       -0.0611065559904934        0.1324298701652033        0.0713233141473618
       8.3432430000000011       -0.0947340290774094       -0.0372701965851158        0.1736950648385871       -0.2368314959853508       -0.0631364311743957
       8.3705084999999997        0.2507253766094713        0.1499452204690431        0.0274269086455954        0.0687868747653501        0.0962137833835800
       8.3977740000000001        0.1049317234753748       -0.0416067217850434        0.0285555226880897        0.1151516272072431        0.1437071498681900
       8.4250395000000005       -0.0527417948992298       -0.1297299207804626        0.1317437926193004       -0.0613737902827905        0.0703700023092438
       8.4523050000000008       -0.0443113005730893        0.0403047444595291        0.1762985002281609       -0.2553391299449043       -0.0790406297437458
       8.4795705000000012       -0.1177491686761089       -0.0424127317951444        0.0521067405687077       -0.1276758019751899       -0.0755690614334091
       8.5068359999999998        0.0799334815652844        0.0921659496846256        0.0753363938633071       -0.0911409311536868       -0.0158045373174723
       8.5341015000000002        0.1416818671248573        0.0793650653128852        0.0432039615226714        0.0239469790971907        0.0671509405927695
       8.5613670000000006       -0.0568530071940186        0.1012987162305914       -0.1264357284789560       -0.0284009308250426       -0.1548366593309503
       8.5886325000000010       -0.3792652330930089       -0.1036688024884224        0.0302790562864215       -0.3090355096871379       -0.2787564534274093
       8.6158979999999996        0.1673393770053583        0.0402194447633746        0.1098987826968876        0.0238646614563224        0.1337634441263078
       8.6431635000000000        0.1156009811453955       -0.0020317481134168        0.0461180542397534        0.0645575750613608        0.1106756292742598
       8.6704290000000004        0.1546887148051583        0.0168754402000889       -0.1165377694434170        0.2544148836571729        0.1378771141868278
       8.6976945000000008       -0.0453443081001678       -0.0448073516441458        0.0738011052165647       -0.0837587658943613       -0.0099576607045678
       8.7249600000000012        0.0394096858099774        0.0183840854328381        0.0606324156923573       -0.0456162472996277        0.0150161683660285
       8.7522254999999998       -0.2773571391801593       -0.0850420238159124        0.0792669754032930       -0.2717220441296647       -0.1924550687530487
       8.7794910000000002       -0.1436577958859709       -0.1004418151781162        0.0533073460021831       -0.0971656161156175       -0.0438582701401227
       8.8067565000000005        0.0372353422253966        0.0017092864868013        0.0158808947724176        0.0222248135754587        0.0381057083210926
       8.8340220000000009        0.0066624893333188        0.0012893729897733        0.0203730040920563       -0.0186726818323014        0.0017003222331946
       8.8612875000000013       -0.0762074752923477       -0.0486028586443850       -0.0403838573588007        0.0183329802722850       -0.0220508771130710
       8.8885529999999999        0.2703692666254364        0.0564180779267787       -0.1358967841651655        0.3496181151692632        0.2137213309776305
       8.9158185000000003        0.0866314366379666       -0.0064226068770368       -0.1376787112659902        0.2288538685856941        0.0911751572931746
       8.9430840000000007        0.2179162796315600        0.0839272420729145       -0.2981712389070076        0.4274347861849908        0.1292635472515030
       8.9703495000000011        0.1581891446391115       -0.0618959191610999       -0.1776970277894619        0.4091780682006327        0.2314810403846143
       8.9976149999999997        0.2973181150974532        0.0202936652619153       -0.2376363746133622        0.5138827456948891        0.2762463710549197
       9.0248805000000001        0.0111124928501852        0.0190731551617590       -0.0272861411837698        0.0196033549729133       -0.0076827862374225
       9.0521460000000005        0.2175138520618976        0.0574412700364464       -0.1060371312889139        0.2593489709444788        0.1533118396288851
       9.0794115000000009        0.3134735213453784        0.0761506536460650       -0.0862811180439720        0.3281989434176088        0.2419178253469436
       9.1066770000000012        0.0827400954218962        0.0082102475917107        0.0485506808887797        0.0276212328699084        0.0761719137320176
       9.1339424999999999        0.2462844557269641        0.0624370302483540        0.1608629378402495        0.0287579346432774        0.1896208724569055
       9.1612080000000002       -0.0261226904496205        0.0036076629410320        0.1911567450858404       -0.2186662616911880       -0.0275095166319774
       9.1884735000000006        0.1145490552867079       -0.0453630492721965        0.1006725716958266        0.0576173132850978        0.1582898849544714
       9.2157390000000010        0.1702318329731004        0.0817371795465550       -0.2904050387920966        0.3885329844699223        0.0981279456512190
       9.2430045000000014       -0.0205727330677715        0.0761593100161895       -0.2343533068535997        0.1324824227271226       -0.1018708841531931
       9.2702700000000000        0.0517534300645409       -0.0320293787258210        0.0147814148429576        0.0735478994148466        0.0883293142312007
       9.2975355000000004        0.1395901945222161        0.0069598641971902       -0.1292472887169997        0.2707411278675343        0.1414938391240431
       9.3248010000000008       -0.1012886002006055       -0.1460457495109734       -0.0994911850555198        0.1361510508549365        0.0366598657726695
       9.3520665000000012        0.1515357904062167        0.0191592489156778       -0.0270872885313173        0.1637522342786658        0.1366649457205304
       9.3793319999999998        0.0650661868746608        0.0060952361587132       -0.2255733173691296        0.2828099826299756        0.0572366652340411
       9.4065975000000002       -0.0647681508962144       -0.0081599519704447       -0.1731858396527486        0.1102978964723142       -0.0628879432071312
       9.4338630000000006       -0.0399102695489528       -0.0362735419295898       -0.0736920458055920        0.0689132899166256       -0.0047787559156481
       9.4611285000000009        0.0112725706160864       -0.0279744082001147       -0.0942799509910521        0.1307465168179694        0.0364665658000597
       9.4883940000000013        0.0284995473980499       -0.0896000524787485       -0.1391545900948909        0.2657837644575397        0.1266291743357880
       9.5156594999999999       -0.1574849635632902       -0.1175530739048399        0.0886868580384751       -0.1266973525092507       -0.0380104944975027
       9.5429250000000003        0.0305457211225039       -0.0273704711561486       -0.1179234810101252        0.1635838282783569        0.0456603472415052
       9.5701905000000007       -0.0767141541225288       -0.0006086770994484       -0.0070748835740740       -0.0726222844127435       -0.0796971680136785
       9.5974560000000011       -0.0804264796478869       -0.0143998939648084        0.1917113192458942       -0.2610937819902039       -0.0693824627710754
       9.6247214999999997       -0.0141537589701378       -0.0596607030547592       -0.0079171618491239        0.0454236443997124        0.0375064825236545
       9.6519870000000001        0.0997145212793854        0.0220065339687419       -0.0789859586730891        0.1523320533436303        0.0733460946435390
       9.6792525000000005       -0.1728980252852917       -0.0889174794407912        0.0535340290447533       -0.1336608502094535       -0.0801268211917949
       9.7065180000000009       -0.1909085220759373        0.0492249829956954       -0.0094054955733189       -0.2197242654745906       -0.2291297610746890
       9.7337835000000013       -0.1755842286236631        0.0122587432412324        0.0685976432658199       -0.2594384042047378       -0.1908407609659179
       9.7610489999999999        0.1105758794357245       -0.0210985121367918       -0.0249684644368592        0.1641336647266551        0.1391652002627151
       9.7883145000000003        0.1182668838935771        0.0616181712176016        0.0881998091504012       -0.0279147186317621        0.0602850904916072
       9.8155800000000006       -0.1878299913825540       -0.0833219997777233       -0.0074072643212270       -0.1070037645982987       -0.1144110289465534
       9.8428455000000010        0.1586203449619794        0.1969457928173358       -0.1074216927694029        0.0724535753834575       -0.0349681174130710
       9.8701110000000014        0.0382962638110838       -0.0356759958721107        0.1073626925706835       -0.0316185917108217        0.0757441008328464
       9.8973765000000000        0.0409476737948494       -0.0590090527434283        0.0785688839220533        0.0110173352828104        0.0895862191779851
       9.9246420000000004        0.0721756816545337        0.0081904650818462       -0.0782830592055182        0.1456513474157332        0.0673682881832780
       9.9519075000000008       -0.1007750309997828       -0.0519679852907205        0.0167801305559265       -0.0630275382141651       -0.0462474076854957
       9.9791730000000012       -0.0504635293425530       -0.0951587310281438       -0.2221664627751011        0.2638456318434192        0.0416791690412915
      10.0064384999999998       -0.0369460579602827        0.1317405347346142        0.1093549537941472       -0.2744649988677311       -0.1651100451007827
      10.0337040000000002        0.0246820626892721       -0.0442810239776561       -0.0595638170166364        0.1291909328783552        0.0696271158345110
      10.0609695000000006        0.1533717814662390        0.0847860798436052       -0.1601394254365837        0.2296704713744504        0.0695310459105453
      10.0882350000000010        0.0373865629358434        0.0448435743486003        0.0789106881031663       -0.0903917475819056       -0.0114810595059204
      10.1155005000000013       -0.1489954186090022       -0.0515790995615669        0.1136233678379087       -0.2067517888217079       -0.0931284210109445
      10.1427659999999999       -0.1332471409510675       -0.0767679320195765       -0.0783285824513571        0.0173850039922711       -0.0609435784861987
      10.1700315000000003       -0.1005750970435412       -0.0558084859631342       -0.0268765042391189       -0.0190804402563755       -0.0459569445227901
      10.1972970000000007       -0.0042613340860553        0.0544612373574374       -0.1639521114637756        0.1012330233140378       -0.0627190881770307
      10.2245625000000011        0.2322405755849690        0.0156146645533889       -0.0881795024276865        0.3021999225457814        0.2140204200908102
      10.2518279999999997        0.1488902878370200        0.0344245907699417       -0.1984345865336517        0.3089652256986934        0.1105306391378261
      10.2790935000000001       -0.1075031747921105       -0.0330355364637763        0.0140310472237900       -0.0964748358085892       -0.0824437886121776
      10.3063590000000005       -0.0802493214342882        0.0463343468797736        0.0841337699560827       -0.2084047078115093       -0.1242709378828097
      10.3336245000000009       -0.0424252732975447        0.0008787579777536       -0.0563537843882376        0.0126638080813455       -0.0436899763342433
      10.3608900000000013       -0.1636411101548188       -0.0748438578704525        0.1110025568981190       -0.2065854881707479       -0.0955829312999430
      10.3881554999999999        0.2471382809941416        0.0576727092638454        0.0261552056621983        0.1548888840974718        0.1810440897321838
      10.4154210000000003       -0.2723739726215530       -0.0299682705780503        0.0775261514238925       -0.3146174420541324       -0.2370912906576009
      10.4426865000000006       -0.0299098100429938       -0.0039791808426799        0.0441709022571302       -0.0737666322972895       -0.0295957300675531
      10.4699520000000010        0.0340592764362189        0.0254800775035654        0.0968499555254902       -0.0875863737647474        0.0092635817333230
      10.4972175000000014        0.0478627134027958        0.0189803822885837        0.1888341464027430       -0.1616912934324081        0.0271428529428611
      10.5244830000000000       -0.2244659166737205       -0.1337119887032093        0.1025793905710779       -0.1911659235209359       -0.0885865329772242
      10.5517485000000004        0.0269352403721159        0.0446075258170872        0.0741354714493634       -0.0857733807661230       -0.0116379093442090
      10.5790140000000008       -0.0637308950275853        0.0330120795543347        0.1365265884308800       -0.2273550278664739       -0.0908284394631445
      10.6062795000000012       -0.0926394026818048       -0.0393562533497403        0.1721001855533413       -0.2228127660193942       -0.0507125804934366
      10.6335449999999998       -0.0346329408056576        0.0709766047899884        0.3358749707625225       -0.4440014202091479       -0.1081264494741506
      10.6608105000000002       -0.0529732722802626       -0.0593396923882067       -0.0491167158656261        0.0633586465024349        0.0142419306095672
      10.6880760000000006       -0.0616490277115443       -0.0162651495873410        0.0241134961512764       -0.0706896978109086       -0.0465762016869484
      10.7153415000000010       -0.1476260264207947       -0.0526078735402109        0.0588267580622066       -0.1480671737195589       -0.0892404156848210
      10.7426070000000013        0.0516774438058913        0.0110208565477726        0.0843307301530756       -0.0457929651284605        0.0385377649970222
      10.7698725000000000        0.1750969050056786        0.0339030900580897       -0.0485444887878948        0.1918297745881992        0.1432852857729743
      10.7971380000000003       -0.0711561472905854       -0.0443922342730730        0.0578686628533404       -0.0797253627378465       -0.0218566999119938
      10.8244035000000007       -0.1809200889258550       -0.0236157141037802        0.0248377332890586       -0.1914385911509135       -0.1666008578891799
      10.8516690000000011       -0.1208753122636204        0.0251029251276327        0.1010586598676771       -0.2522686488756999       -0.1512099890354221
      10.8789344999999997       -0.1412005064269292        0.0059973767560398        0.1593783175834766       -0.3091164468254903       -0.1497381292693425
      10.9062000000000001        0.0000000000000000        0.0000000000000000        0.0000000000000000        0.0000000000000000        0.0000000000000000
