       0.0271027500000000        0.0000000000000000        0.0000000000000000        0.0000000000000000        0.0000000000000000        0.0000000000000000
       0.0542055000000000        0.0000000000000000        0.0000000000000000        0.0000000000000000        0.0000000000000000        0.0000000000000000
       0.0813082500000000        0.0000000000000000        0.0000000000000000        0.0000000000000000        0.0000000000000000        0.0000000000000000
       0.1084110000000000        0.0000000000000000        0.0000000000000000        0.0000000000000000        0.0000000000000000        0.0000000000000000
       0.1355137500000000        0.0000000000000000        0.0000000000000000        0.0000000000000000        0.0000000000000000        0.0000000000000000
       0.1626165000000000        0.0000000000000000        0.0000000000000000        0.0000000000000000        0.0000000000000000        0.0000000000000000
       0.1897192500000000        0.0000000000000000        0.0000000000000000        0.0000000000000000        0.0000000000000000        0.0000000000000000
       0.2168220000000000        0.0000000000000000        0.0000000000000000        0.0000000000000000        0.0000000000000000        0.0000000000000000
       0.2439247500000000        0.0000000000000000        0.0000000000000000        0.0000000000000000        0.0000000000000000        0.0000000000000000
       0.2710275000000000        0.0000000000000000        0.0000000000000000        0.0000000000000000        0.0000000000000000        0.0000000000000000
       0.2981302500000000        0.0000000000000000        0.0000000000000000        0.0000000000000000        0.0000000000000000        0.0000000000000000
       0.3252330000000000        0.0000000000000000        0.0000000000000000        0.0000000000000000        0.0000000000000000        0.0000000000000000
       0.3523357500000000        0.0000000000000000        0.0000000000000000        0.0000000000000000        0.0000000000000000        0.0000000000000000
       0.3794385000000000        0.0000000000000000        0.0000000000000000        0.0000000000000000        0.0000000000000000        0.0000000000000000
       0.4065412500000000        0.0000000000000000        0.0000000000000000        0.0000000000000000        0.0000000000000000        0.0000000000000000
       0.4336440000000000        0.0000000000000000        0.0000000000000000        0.0000000000000000        0.0000000000000000        0.0000000000000000
       0.4607467500000000        0.0000000000000000        0.0000000000000000        0.0000000000000000        0.0000000000000000        0.0000000000000000
       0.4878495000000000        0.0000000000000000        0.0000000000000000        0.0000000000000000        0.0000000000000000        0.0000000000000000
       0.5149522500000000        0.0000000000000000        0.0000000000000000        0.0000000000000000        0.0000000000000000        0.0000000000000000
       0.5420550000000001        0.0000000000000000        0.0000000000000000        0.0000000000000000        0.0000000000000000        0.0000000000000000
       0.5691577500000000        0.0000000000000000        0.0000000000000000        0.0000000000000000        0.0000000000000000        0.0000000000000000
       0.5962605000000001        0.0000000000000000        0.0000000000000000        0.0000000000000000        0.0000000000000000        0.0000000000000000
       0.6233632500000000        0.0000000000000000        0.0000000000000000        0.0000000000000000        0.0000000000000000        0.0000000000000000
       0.6504660000000000        0.0000000000000000        0.0000000000000000        0.0000000000000000        0.0000000000000000        0.0000000000000000
       0.6775687500000001        0.0000000000000000        0.0000000000000000        0.0000000000000000        0.0000000000000000        0.0000000000000000
       0.7046715000000000        0.0000000000000000        0.0000000000000000        0.0000000000000000        0.0000000000000000        0.0000000000000000
       0.7317742500000001        0.0000000000000000        0.0000000000000000        0.0000000000000000        0.0000000000000000        0.0000000000000000
       0.7588770000000000        0.0000000000000000        0.0000000000000000        0.0000000000000000        0.0000000000000000        0.0000000000000000
       0.7859797500000001        0.0000000000000000        0.0000000000000000        0.0000000000000000        0.0000000000000000        0.0000000000000000
       0.8130825000000000        0.0000000000000000        0.0000000000000000        0.0000000000000000        0.0000000000000000        0.0000000000000000
       0.8401852500000001        0.0000000000000000        0.0000000000000000        0.0000000000000000        0.0000000000000000        0.0000000000000000
       0.8672880000000001        0.0000000000000000        0.0000000000000000        0.0000000000000000        0.0000000000000000        0.0000000000000000
       0.8943907500000000        0.0000000000000000        0.0000000000000000        0.0000000000000000        0.0000000000000000        0.0000000000000000
       0.9214935000000001        0.0000000000000000        0.0000000000000000        0.0000000000000000        0.0000000000000000        0.0000000000000000
       0.9485962500000000        0.0000000000000000        0.0000000000000000        0.0000000000000000        0.0000000000000000        0.0000000000000000
       0.9756990000000001        0.0000000000000000        0.0000000000000000        0.0000000000000000        0.0000000000000000        0.0000000000000000
       1.0028017500000002        0.0000000000000000        0.0000000000000000        0.0000000000000000        0.0000000000000000        0.0000000000000000
       1.0299045000000000        0.0000000000000000        0.0000000000000000        0.0000000000000000        0.0000000000000000        0.0000000000000000
       1.0570072500000001        0.0000000000000000        0.0000000000000000        0.0000000000000000        0.0000000000000000        0.0000000000000000
       1.0841100000000001        0.0000000000000000        0.0000000000000000        0.0000000000000000        0.0000000000000000        0.0000000000000000
       1.1112127500000000        0.0000000000000000        0.0000000000000000        0.0000000000000000        0.0000000000000000        0.0000000000000000
       1.1383155000000000        0.0000000000000000        0.0000000000000000        0.0000000000000000        0.0000000000000000        0.0000000000000000
       1.1654182500000001        0.0000000000000000        0.0000000000000000        0.0000000000000000        0.0000000000000000        0.0000000000000000
       1.1925210000000002        0.0000000000000000        0.0000000000000000        0.0000000000000000        0.0000000000000000        0.0000000000000000
       1.2196237500000000        0.0000000000000000        0.0000000000000000        0.0000000000000000        0.0000000000000000        0.0000000000000000
       1.2467265000000001        0.0000000000000000        0.0000000000000000        0.0000000000000000        0.0000000000000000        0.0000000000000000
       1.2738292500000001        0.0000000000000000        0.0000000000000000        0.0000000000000000        0.0000000000000000        0.0000000000000000
       1.3009320000000000        0.0000000000000000        0.0000000000000000        0.0000000000000000        0.0000000000000000        0.0000000000000000
       1.3280347500000000        0.0000000000000000        0.0000000000000000        0.0000000000000000        0.0000000000000000        0.0000000000000000
       1.3551375000000001        0.0000000000000000        0.0000000000000000        0.0000000000000000        0.0000000000000000        0.0000000000000000
       1.3822402500000002        0.0000000000000000        0.0000000000000000        0.0000000000000000        0.0000000000000000        0.0000000000000000
       1.4093430000000000        0.0000000000000000        0.0000000000000000        0.0000000000000000        0.0000000000000000        0.0000000000000000
       1.4364457500000001        0.0000000000000000        0.0000000000000000        0.0000000000000000        0.0000000000000000        0.0000000000000000
       1.4635485000000001        0.0000000000000000        0.0000000000000000        0.0000000000000000        0.0000000000000000        0.0000000000000000
       1.4906512500000002        0.0000000000000000        0.0000000000000000        0.0000000000000000        0.0000000000000000        0.0000000000000000
       1.5177540000000000        0.0000000000000000        0.0000000000000000        0.0000000000000000        0.0000000000000000        0.0000000000000000
       1.5448567500000001        0.0000000000000000        0.0000000000000000        0.0000000000000000        0.0000000000000000        0.0000000000000000
       1.5719595000000002        0.0000000000000000        0.0000000000000000        0.0000000000000000        0.0000000000000000        0.0000000000000000
       1.5990622500000000        0.0000000000000000        0.0000000000000000        0.0000000000000000        0.0000000000000000        0.0000000000000000
       1.6261650000000001        0.0000000000000000        0.0000000000000000        0.0000000000000000        0.0000000000000000        0.0000000000000000
       1.6532677500000001        0.0000000000000000        0.0000000000000000        0.0000000000000000        0.0000000000000000        0.0000000000000000
       1.6803705000000002        0.0000000000000000        0.0000000000000000        0.0000000000000000        0.0000000000000000        0.0000000000000000
       1.7074732500000001        0.0000000000000000        0.0000000000000000        0.0000000000000000        0.0000000000000000        0.0000000000000000
       1.7345760000000001        0.0000000000000000        0.0000000000000000        0.0000000000000000        0.0000000000000000        0.0000000000000000
       1.7616787500000002        0.0000000000000000        0.0000000000000000        0.0000000000000000        0.0000000000000000        0.0000000000000000
       1.7887815000000000        0.0000000000000000        0.0000000000000000        0.0000000000000000        0.0000000000000000        0.0000000000000000
       1.8158842500000001        0.0000000000000000        0.0000000000000000        0.0000000000000000        0.0000000000000000        0.0000000000000000
       1.8429870000000002        0.0000000000000000        0.0000000000000000        0.0000000000000000        0.0000000000000000        0.0000000000000000
       1.8700897500000002        0.0000000000000000        0.0000000000000000        0.0000000000000000        0.0000000000000000        0.0000000000000000
       1.8971925000000001        0.0000000000000000        0.0000000000000000        0.0000000000000000        0.0000000000000000        0.0000000000000000
       1.9242952500000001        0.0000000000000000        0.0000000000000000        0.0000000000000000        0.0000000000000000        0.0000000000000000
       1.9513980000000002        0.0000000000000000        0.0000000000000000        0.0000000000000000        0.0000000000000000        0.0000000000000000
       1.9785007500000000        0.0000000000000000        0.0000000000000000        0.0000000000000000        0.0000000000000000        0.0000000000000000
       2.0056035000000003        0.0000000000000000        0.0000000000000000        0.0000000000000000        0.0000000000000000        0.0000000000000000
       2.0327062499999999        0.0000000000000000        0.0000000000000000        0.0000000000000000        0.0000000000000000        0.0000000000000000
       2.0598090000000000        0.0000000000000000        0.0000000000000000        0.0000000000000000        0.0000000000000000        0.0000000000000000
       2.0869117500000001        0.0000000000000000        0.0000000000000000        0.0000000000000000        0.0000000000000000        0.0000000000000000
       2.1140145000000001        0.0000000000000000        0.0000000000000000        0.0000000000000000        0.0000000000000000        0.0000000000000000
       2.1411172500000002        0.0000000000000000        0.0000000000000000        0.0000000000000000        0.0000000000000000        0.0000000000000000
       2.1682200000000003        0.0000000000000000        0.0000000000000000        0.0000000000000000        0.0000000000000000        0.0000000000000000
       2.1953227500000003        0.0000000000000000        0.0000000000000000        0.0000000000000000        0.0000000000000000        0.0000000000000000
       2.2224254999999999        0.0000000000000000        0.0000000000000000        0.0000000000000000        0.0000000000000000        0.0000000000000000
       2.2495282500000000        0.0000000000000000        0.0000000000000000        0.0000000000000000        0.0000000000000000        0.0000000000000000
       2.2766310000000001        0.0000000000000000        0.0000000000000000        0.0000000000000000        0.0000000000000000        0.0000000000000000
       2.3037337500000001        0.0000000000000000        0.0000000000000000        0.0000000000000000        0.0000000000000000        0.0000000000000000
       2.3308365000000002        0.0000000000000000        0.0000000000000000        0.0000000000000000        0.0000000000000000        0.0000000000000000
       2.3579392500000003        0.0000000000000000        0.0000000000000000        0.0000000000000000        0.0000000000000000        0.0000000000000000
       2.3850420000000003        0.0000000000000000        0.0000000000000000        0.0000000000000000        0.0000000000000000        0.0000000000000000
       2.4121447499999999        0.0000000000000000        0.0000000000000000        0.0000000000000000        0.0000000000000000        0.0000000000000000
       2.4392475000000000        0.0000000000000000        0.0000000000000000        0.0000000000000000        0.0000000000000000        0.0000000000000000
       2.4663502500000001        0.0000000000000000        0.0000000000000000        0.0000000000000000        0.0000000000000000        0.0000000000000000
       2.4934530000000001        0.0000000000000000        0.0000000000000000        0.0000000000000000        0.0000000000000000        0.0000000000000000
       2.5205557500000002        0.0000000000000000        0.0000000000000000        0.0000000000000000        0.0000000000000000        0.0000000000000000
       2.5476585000000003        0.0000000000000000        0.0000000000000000        0.0000000000000000        0.0000000000000000        0.0000000000000000
       2.5747612500000003        0.0000000000000000        0.0000000000000000        0.0000000000000000        0.0000000000000000        0.0000000000000000
       2.6018640000000000       -0.0031872719223250       -0.0001185257659085        0.0068107646636960       -0.0101249666698015       -0.0033142020061145
       2.6289667500000000       -0.0090469232073529       -0.0083370859606466       -0.0084800706107992        0.0087483600797335        0.0002682894688987
       2.6560695000000001        0.0085509603781328       -0.0002328154709926       -0.0120936944629694        0.0210028036119894        0.0089091091490025
       2.6831722500000001       -0.0127559269354918        0.0039143974684213        0.0231976121061423       -0.0388205515495624       -0.0156229394434798
       2.7102750000000002        0.0079187548976577       -0.0033716755706569        0.0283126613408640       -0.0173475028003695        0.0109651585404320
       2.7373777500000003       -0.0173032639739318       -0.0054052092371730        0.0667278726553584       -0.0774707533302718       -0.0107428806750567
       2.7644805000000003       -0.0223733938207850       -0.0349131839099407       -0.0044348831623615        0.0171300421823752        0.0126951590197930
       2.7915832500000004        0.0026254795114071        0.0253278862742776        0.0103549084804107       -0.0301612182415615       -0.0198063097615008
       2.8186860000000000       -0.0092760032408082        0.0035206556156575        0.0197912477301622       -0.0352194289354222       -0.0154281812056497
       2.8457887500000001       -0.0382615370979473        0.0216866620147022        0.0828930955794830       -0.1420420336762608       -0.0591489380973753
       2.8728915000000002       -0.0183533367430203       -0.0322382674592404        0.0498380615134716       -0.0448500643092065        0.0049879972035488
       2.8999942500000002       -0.0194179878883117       -0.0222143481699569        0.0424563766200800       -0.0408279100766837        0.0016284665422745
       2.9270970000000003       -0.0393146312043006        0.0249069546296374        0.1324196631083694       -0.1985462102021749       -0.0661265470953142
       2.9541997500000003        0.0588002870979698        0.0255443989150929       -0.1266297223016452        0.1545452972111393        0.0279155749076791
       2.9813025000000004        0.0343348942876893       -0.0910903866051963       -0.1354008203274875        0.2576075398068950        0.1222067194770056
       3.0084052500000000        0.0722680896567147        0.0472991495293593       -0.0114161057998187        0.0385244649682473        0.0271083591651698
       3.0355080000000001        0.0367288150781119        0.0242891404330919        0.0563947083885423       -0.0530525049707601        0.0033422034139530
       3.0626107500000002        0.1231367214006949       -0.1069318749876457       -0.0421427413500685        0.2679449767568367        0.2258022354020245
       3.0897135000000002       -0.1487398528347418       -0.0870738661701879        0.0651882480441809       -0.1398757967384723       -0.0746875486998120
       3.1168162500000003        0.3388416564097969        0.1268855969198991       -0.0847491587972451        0.2882359437559432        0.2034867849522944
       3.1439190000000004       -0.2120496045437152       -0.1309044992790789        0.2512438972693342       -0.3370207657092849       -0.0857768684475710
       3.1710217500000004        0.3103278322077025        0.2350965757046284        0.0236984167170794        0.0297683749986375        0.0534667917067599
       3.1981245000000000        0.2926697580214693        0.1806883791878990        0.0875012522449323        0.0279237596741101        0.1154250119084843
       3.2252272500000001        0.2833946582400598        0.1119281580521879        0.0566386447643044        0.1207214750669999        0.1773601198198369
       3.2523300000000002        0.2139194959257572        0.1156224309903926       -0.2428268179894539        0.3160240160615793        0.0731971980587234
       3.2794327500000002        0.3847099193773237        0.1104862962524884       -0.0349895356032908        0.3039988224407987        0.2690092868224415
       3.3065355000000003        0.0168474843510471       -0.0230129107239059        0.3174280518263917       -0.3056746481267290        0.0117534036830258
       3.3336382500000004        0.3535583293660405        0.2945510421157219        0.1665487801149800       -0.1304997065103099        0.0360490735862059
       3.3607410000000004        0.1883093725988741        0.0596248901984530        0.1283689280109748       -0.0182910040707342        0.1100779239193238
       3.3878437500000000        0.0514171977761863        0.0590449506772379        0.4795900780358339       -0.5161551820909823       -0.0365651040775583
       3.4149465000000001        0.1146200546615768        0.1887500943293991       -0.1353103786985339        0.0818987092771695       -0.0534116694455681
       3.4420492500000002        0.1159390364711526        0.0361686974809599        0.1601611987338264       -0.0825046729983914        0.0776565257094878
       3.4691520000000002        0.2849814760438412        0.0243481674850862        0.3880872009931587       -0.1138848629531413        0.2742023380125108
       3.4962547500000003       -0.0100921351391775       -0.0084803889057952       -0.2203837016998464        0.2289495720594130        0.0085658703302191
       3.5233575000000004       -0.0998786565959003        0.1289739893273136       -0.0124106793429634       -0.2319073933656665       -0.2443180727399230
       3.5504602500000004       -0.0574913016627594       -0.0685583842979155        0.2057176074063569       -0.1911998759971298        0.0145177313766411
       3.5775630000000000       -0.3238602549625583       -0.0667310935137084       -0.3451862387200879        0.0958580991725235       -0.2493281395823514
       3.6046657500000001        0.1796989538898405        0.0334339435764479       -0.5277005188501095        0.6713278301992140        0.1436273113130425
       3.6317685000000002       -0.0908517641926244       -0.1943700111318697        0.2000842991602335       -0.1203702328404338        0.0797140662830540
       3.6588712500000002       -0.1857093413010799       -0.0651222346756759       -0.1031465906434959       -0.0212608029169055       -0.1244073935992865
       3.6859740000000003       -0.3219112268699888       -0.2339363714101199       -0.2132964442188574        0.1410202962064414       -0.0722761480519494
       3.7130767500000004        0.0620907295779097        0.0166668555183789       -0.1296628100052039        0.2255852171241284        0.0959224070782633
       3.7401795000000004       -0.5766081118742766        0.1081315508151807        0.5651646765366075       -1.2491393280414145       -0.6839746515463025
       3.7672822500000001       -0.0069940414291690       -0.1005452833449214        0.0403451812763397        0.0661551382696785        0.1065003195035290
       3.7943850000000001        0.0692962409352833        0.0548630290282237       -0.3297088607741518        0.3578014750873382        0.0280926142693615
       3.8214877500000002       -0.0024259696871792       -0.1903041303696375       -0.2099737200204276        0.3917813679798112        0.1818076479154881
       3.8485905000000002       -0.0733491743076441       -0.1885157811660277       -0.3260391417007786        0.4706808359908903        0.1446416942449536
       3.8756932500000003       -0.4940512314420169       -0.3306542608944863       -0.1118068844889313       -0.0497517532466968       -0.1615586377809297
       3.9027960000000004       -0.6129743167472314       -0.4467173594701337       -0.2304937561308853        0.0783199107820227       -0.1521738453945845
       3.9298987500000004       -0.1187554476269769       -0.0019133057358566       -0.4191100332464913        0.3003507610758754       -0.1187592722172205
       3.9570015000000001        0.3835745554588063        0.3281914399910171       -0.1570976329556419        0.1990777543983630        0.0419801213959808
       3.9841042500000001       -0.0357537297874866       -0.0922383221950596       -0.5094904224743284        0.5524821584452055        0.0429917359229842
       4.0112070000000006       -0.2575729858809716        0.0485519632015448        0.4294084790323131       -0.7398509704192985       -0.3104424914353395
       4.0383097500000007        0.1327545597805797       -0.1303423532980062       -0.4086059768368667        0.6960994045605094        0.2874934276753930
       4.0654124999999999       -0.2576716310453419       -0.0796785686289460       -0.0071039649554620       -0.1405200288335852       -0.1476239938378735
       4.0925152499999999       -0.1596376600553585       -0.1579408185655788       -0.3163866958363946        0.3272527394439526        0.0108660435587426
       4.1196180000000000       -0.2467644227976478        0.0215326100744659       -0.1628916666708579       -0.0722233322859861       -0.2351149990068741
       4.1467207500000001        0.0751995332836886       -0.0503054825677123       -0.3884584636946948        0.5046230222568131        0.1161645585121344
       4.1738235000000001        0.0303858275582257        0.0603508292414206       -0.4249020558270105        0.3867196382279819       -0.0381824176491640
       4.2009262500000002        0.5278855974456649        0.1252026283574660       -0.6008498342561157        1.0108250333197222        0.4099751990134418
       4.2280290000000003        0.3733584304505282        0.2805927761915150       -0.5769627226373164        0.6687517782216290        0.0917890555334387
       4.2551317500000003       -0.2869023333686856       -0.0963403074789075        0.0845532537741404       -0.2273042339261099       -0.1427509802027249
       4.2822345000000004        0.3469755835635359       -0.0282018468526178       -0.8545213194066250        1.2360577383680038        0.3815364189099058
       4.3093372500000005        0.0804904063663149        0.0988210401685509       -0.1252800332988783        0.1093077204221333       -0.0159723129275211
       4.3364400000000005       -0.0228700191886328       -0.0198204379800717       -0.2432448285255696        0.2918993550911568        0.0486545265150115
       4.3635427500000006        0.1705197936313429        0.1192843075396764       -0.2178419531947128        0.2775363488280050        0.0596943955825785
       4.3906455000000006        0.3001676622772155        0.2692657310476656       -0.6230598323680597        0.6183109742876544       -0.0047488581308882
       4.4177482500000007       -0.4605781643761366       -0.4147689509232982       -0.0522090487458661       -0.0099506293005854       -0.0621596780969174
       4.4448509999999999       -0.0441191765302227       -0.1031982178186385        0.3502960389198794       -0.3068754832806013        0.0434205555894747
       4.4719537499999999        0.0456294170543361        0.0359934824913604       -0.2100559433377497        0.2099539095925414       -0.0001020337954520
       4.4990565000000000       -0.0259801629360808       -0.1550775556486123        0.1393396073229727       -0.0102825032236619        0.1290571040499079
       4.5261592500000001       -0.3355856688700250       -0.0412327389625815       -0.2643756450029704       -0.0002870359391619       -0.2646626809915822
       4.5532620000000001       -0.0192911378267493        0.0589865864526123       -0.3022346073055261        0.2237976087996709       -0.0784369985542154
       4.5803647500000002       -0.2279127344329054       -0.0037253951302942       -0.2976732358269827        0.0807216981604913       -0.2169515377145544
       4.6074675000000003       -0.2462597384226467        0.2206436888878132        0.1072365687364509       -0.5645938282635488       -0.4573572595745373
       4.6345702500000003       -0.1556731293903902        0.0531931463683395        0.4942168596028259       -0.7290643572310888       -0.2348474976751786
       4.6616730000000004       -0.3511533232913150       -0.1173524371673190       -0.1430380145615581       -0.0888750038888856       -0.2319130184968309
       4.6887757500000005       -0.3022062483315390        0.0991054456029608       -0.1283124861247439       -0.2578302747633878       -0.3861427609334100
       4.7158785000000005       -0.0189577158972589       -0.1256557520799305       -0.1520639334634111        0.2521207486697086        0.1000568151615379
       4.7429812500000006       -0.3269220899976080       -0.0100512411837493        0.0076719794487539       -0.3185185450366898       -0.3108465656322549
       4.7700840000000007       -0.1081720377684771       -0.2317689341287792       -0.0327356251265849        0.1683941928777991        0.1356585677074558
       4.7971867500000007       -0.0557998639715213        0.0535614315935356        0.5575421954088163       -0.6700833919427184       -0.1125411965773360
       4.8242894999999999       -0.2994431978831933       -0.1776795676228130       -0.2341821155507680        0.1175765226064286       -0.1166055929868039
       4.8513922500000000       -0.0966777736239966        0.0126605968293701        0.1721456799990979       -0.2763280357945256       -0.1041823558368499
       4.8784950000000000       -0.0553366229333091        0.1023173088929914        0.1143704403249844       -0.2748161945952321       -0.1604457543108455
       4.9055977500000001        0.3306711450642594        0.1559655779327138       -0.2647294873574643        0.4565204746434373        0.1917909872452264
       4.9327005000000002       -0.1356980038400568        0.0289299163500328        0.1028899048779326       -0.2843816852897571       -0.1814917804517404
       4.9598032500000002       -0.1873154671976732        0.0902316380487045        0.3282209701978797       -0.6140551532720053       -0.2858341831136733
       4.9869060000000003       -0.0735077934785341       -0.1330903985651556        0.3076305819312291       -0.2300047987143104        0.0776257831783340
       5.0140087500000003        0.3214045309677762        0.0307006091584936        0.1342128108395344        0.1714224846227793        0.3056352954239235
       5.0411115000000004        0.0668295737254738        0.0549125817260186        0.4531767422039697       -0.4372226880288281        0.0159540541371703
       5.0682142500000005        0.0118897614579030        0.0526040745315456        0.1470394213791026       -0.1916274595444525       -0.0445880382025481
       5.0953170000000005       -0.1261729493303756       -0.0238309440001021        0.7309518934101839       -0.8258381563363656       -0.0948862629632627
       5.1224197500000006       -0.1456967503381596        0.0230029602341072        0.1077669819021238       -0.2714728262939959       -0.1637058444282330
       5.1495225000000007        0.2691742004401262        0.0168117209765219        0.1263202034159998        0.1312506855775708        0.2575708889574961
       5.1766252500000007        0.0495934038803874        0.0882411776708893        0.1065397567313852       -0.1345634507341460       -0.0280236940384823
       5.2037279999999999        0.0478505115449239        0.0831081568842787        0.2307216015232474       -0.2634826653980423       -0.0327610639098929
       5.2308307500000000        0.2489938855168692       -0.0195966701278130        0.0470994865810285        0.2324610099956089        0.2795604965417392
       5.2579335000000000       -0.0355432476134954        0.0992768683952664        0.2843349049023858       -0.4126437851329954       -0.1283088802654450
       5.2850362500000001        0.0989260764891923        0.1222374508821039       -0.0285391748106942        0.0079726234928539       -0.0205665513519952
       5.3121390000000002       -0.0474203645150480       -0.0881955088157900        0.1057879607045901       -0.0408238831352229        0.0649640775356650
       5.3392417500000002        0.2590435647684155        0.0695920555796234        0.5797329466777527       -0.3744471254605430        0.2052858211835123
       5.3663445000000003       -0.1638655262662323       -0.0950094877178194        0.2263046200037167       -0.2960642965709182       -0.0697596766008992
       5.3934472500000004       -0.0122186561770188       -0.0285460272524757        0.3465379841864052       -0.3352507069952087        0.0112872771576773
       5.4205500000000004       -0.1520029602960521        0.1645574211436287        0.3896430232013425       -0.7052654599923938       -0.3156224368243122
       5.4476527500000005       -0.2839952946251008       -0.0340245678417119        0.1425286552399399       -0.3719997857054514       -0.2294711304983126
       5.4747555000000006       -0.2617897325639632       -0.0979031051604707        0.3214028281097491       -0.4921826691201335       -0.1707798410427198
       5.5018582500000006       -0.1176331783654748       -0.0332604180757733        0.2486915611579929       -0.3147322395333637       -0.0660406784076050
       5.5289610000000007       -0.0724076725332423        0.0430674141372869        0.3299242776296034       -0.4489051918574078       -0.1189809142601473
       5.5560637500000007       -0.0120805925000461        0.0435685585189121       -0.0889596367266983        0.0363311532064127       -0.0526284835521166
       5.5831665000000008       -0.1772088715329182       -0.1176276193220018        0.3774745038674087       -0.4125383647251631       -0.0350638608897790
       5.6102692500000000       -0.0882276841200240        0.0214324499981065        0.0087411219267081       -0.0968126454578975       -0.0880715235628912
       5.6373720000000000       -0.1989429081240982       -0.1055117787690427       -0.0165884843314581       -0.0694427316882447       -0.0860312160514888
       5.6644747500000001       -0.3746479135655580       -0.1218565235448389        0.0271972906274825       -0.2761440009547037       -0.2489467103587718
       5.6915775000000002       -0.0269328302996966       -0.0674451957141327        0.0380295968583476        0.0033408967113696        0.0413704935378150
       5.7186802500000002       -0.2925475418950044       -0.1099950395462791        0.2639315159209674       -0.4472484646343534       -0.1833169487444526
       5.7457830000000003       -0.2572981064880673        0.0584757666671532        0.1486528168406179       -0.4788919580393090       -0.3302391412300185
       5.7728857500000004        0.0460430039053797        0.0177663737650852        0.1513944326926016       -0.1191810357568808        0.0322133969048503
       5.7999885000000004       -0.4296348477051739        0.0060249035578202        0.3083820351139961       -0.7239594299723001       -0.4155773948892929
       5.8270912500000005        0.1517970019223170        0.1753671454269917        0.1445329260058273       -0.1642384778413337       -0.0197055518665524
       5.8541940000000006        0.2674763239620190       -0.0028366738484993        0.1753980613627341        0.0879664317957878        0.2633644931281255
       5.8812967500000006       -0.1848326845593563        0.0229082627583271       -0.1679690117967483       -0.0508134336090168       -0.2187824454367831
       5.9083995000000007        0.0888059854710633        0.0757247652417134       -0.0303160271847645        0.0426525298939262        0.0123365026784177
       5.9355022500000008        0.1386025455637574        0.0929635837887587        0.0254939627308610        0.0142568313046806        0.0397507940047456
       5.9626050000000008        0.1090792016210983       -0.1182874113262900       -0.2486437754460064        0.4524905146586852        0.2038467391818162
       5.9897077500000000        0.1409664957458292       -0.0115804548190476       -0.1605028992048863        0.3117576474494804        0.1512547482136158
       6.0168105000000001        0.2454043303181556        0.0074570534869800       -0.3003286287755593        0.5357634645592991        0.2354348357530244
       6.0439132500000001       -0.1191305709748383        0.0002302720537333        0.0303805941762291       -0.1505949101557228       -0.1202143160100572
       6.0710160000000002       -0.0699710148254582        0.1690038205565704       -0.0457874831335300       -0.2049244416491345       -0.2507119248130590
       6.0981187500000003        0.0665245899753040        0.1077210367099302        0.0104087135979773       -0.0499933511347935       -0.0395846375674876
       6.1252215000000003        0.1767740990724226       -0.0055225585506126       -0.1025016850196132        0.2804675463598852        0.1779658613095363
       6.1523242500000004        0.2175504539169671        0.0336267889880213        0.0735768374848570        0.0964090593446965        0.1699858967987714
       6.1794270000000004        0.3642919749416280        0.1251667402195352       -0.2040651761060437        0.4269242013927276        0.2228590252559838
       6.2065297500000005        0.2934722378666215        0.1552706912328323        0.1350488998018504       -0.0230977318859505        0.1119511678852099
       6.2336325000000006        0.1237182261427811       -0.0918630234019440       -0.2537540522575467        0.4752075697429987        0.2214535174546193
       6.2607352500000006        0.0280066899798010       -0.0713869411005526       -0.0185204469794059        0.0994142824895332        0.0808938354792437
       6.2878380000000007        0.1575576847144468        0.0215882519308050       -0.1605670901367035        0.2877001692059781        0.1271330790382033
       6.3149407500000008        0.1609288848035146        0.0736377491348910       -0.1233861726946966        0.1851025678349536        0.0617163951088434
       6.3420435000000008        0.1084924319617782        0.0143914805255008       -0.2690679395401811        0.3582975800105391        0.0892296404391715
       6.3691462500000000        0.3038289190887735        0.0043555422792319       -0.0949056256478154        0.3684546638404922        0.2735490381612882
       6.3962490000000001        0.0882317148223423       -0.0570180867646315        0.0638543035254216        0.0775466715332652        0.1414009750268153
       6.4233517500000001        0.1773727863503650       -0.0323763748784577       -0.3088846378865791        0.4996265664551185        0.1907419285367845
       6.4504545000000002        0.1565605408520058       -0.1346935396139377        0.0842400041422213        0.2006502802416963        0.2848902843519990
       6.4775572500000003        0.0634039673217227       -0.0939177536812338       -0.0219453032294817        0.1775438961060677        0.1555985928444454
       6.5046600000000003        0.0277985169612460       -0.0913150558322707       -0.2559596362903683        0.3792183076061078        0.1232586712831837
       6.5317627500000004        0.0968574755973962        0.0038129927163822       -0.2086555607132790        0.2851889481432491        0.0765333873973369
       6.5588655000000005        0.1092071745820200       -0.1210284243956217        0.0525499068605582        0.1703397761514218        0.2228896829792491
       6.5859682500000005        0.0198050568196913       -0.1895124306351438       -0.3234690721084404        0.5514466366340339        0.2279775644926062
       6.6130710000000006       -0.0739314632709045        0.0421924684556371        0.1161945102955105       -0.2325362015631601       -0.1163416913007631
       6.6401737500000007        0.1597098964810722        0.0649610620277537       -0.3055227265025759        0.3818172271410878        0.0762945006048538
       6.6672765000000007       -0.0428579950082881        0.0019439606459444       -0.1085029205928992        0.0613875187217628       -0.0471154019047724
       6.6943792500000008        0.3065285199823463        0.0780332003771410       -0.0475337590833215        0.2564452593951388        0.2089115002781862
       6.7214820000000008        0.0934824244650810       -0.0494599861732442       -0.1432322512540491        0.2772694164543454        0.1340371651660786
       6.7485847500000000       -0.0005813578235160        0.0017346414511594        0.1502471243364845       -0.1592369801031376       -0.0089898558008955
       6.7756875000000001       -0.0194553692461505       -0.0603281117366797        0.0608058890154016       -0.0193363164755481        0.0414695725052333
       6.8027902500000001        0.0923343102150949        0.0677113749496589        0.1096614611985908       -0.0675695735141519        0.0420918876496730
       6.8298930000000002       -0.0501174362104101       -0.1119385466683529       -0.1074299331873704        0.1705729489995699        0.0631430157770473
       6.8569957500000003        0.2610582166862224       -0.0007606527093308       -0.0765247468183732        0.3333479419771845        0.2568231951236299
       6.8840985000000003        0.0227081553668378       -0.1138966086557383        0.0880136415471262        0.0568489127642404        0.1448625542760146
       6.9112012500000004        0.3426410659840398        0.0340657643746870       -0.1398157664360177        0.4478112562033345        0.3079954897315974
       6.9383040000000005        0.0567383075383326        0.0310303853178928        0.0560638680509940       -0.0264293922890535        0.0296344757258816
       6.9654067500000005        0.0120900355551533       -0.0036374799114268       -0.0508465566379033        0.0798254614786108        0.0289789048047044
       6.9925095000000006        0.1649607493955242        0.0629215741931065       -0.2256818919137972        0.3247616397829966        0.0990797478328730
       7.0196122500000007        0.2253085053468151        0.1685827617727338       -0.1514701499943315        0.2088200557760778        0.0573499057454057
       7.0467150000000007       -0.2313891426733508        0.0373045717267115        0.2553167988679336       -0.5208150735999519       -0.2654982747685669
       7.0738177500000008        0.1988879766290491       -0.0506103339490977       -0.0681221346311557        0.3167470969764377        0.2486249623085187
       7.1009205000000009       -0.1684409027729662       -0.0927201209551350       -0.0696795214690791       -0.0154361705021573       -0.0851156920081025
       7.1280232500000009       -0.3591789300181067       -0.1473983250419308        0.0816988434550716       -0.2886228189912970       -0.2069239755730113
       7.1551260000000001       -0.1607711461943047       -0.1151858601211643        0.0952181801658566       -0.1487073568098453       -0.0534891766811152
       7.1822287500000002       -0.0850021145157278       -0.1248706211052108        0.0140526545291132        0.0411216206375837        0.0551742751296190
       7.2093315000000002       -0.1304821252263313       -0.0318861087574136        0.0042510574525994       -0.0952741767168695       -0.0910231193015194
       7.2364342500000003        0.0919054678506267       -0.0283624628387058       -0.1242258563830497        0.2342068640645354        0.1099810076443119
       7.2635370000000004       -0.1075119455011984       -0.0267425353108519       -0.0993481366815960        0.0228642291324291       -0.0764839075866095
       7.2906397500000004        0.1008170803954392       -0.0332775179650934       -0.1542492687414432        0.2791018611193331        0.1248525923403890
       7.3177425000000005        0.1205516943015682        0.0819576928385761       -0.0477721894247148        0.0845194217212085        0.0367472322590746
       7.3448452500000005       -0.0207686411773512        0.0114003237030839       -0.1147332447446149        0.0863662310479279       -0.0283670137343526
       7.3719480000000006        0.0303585349309701       -0.0424704562915005        0.2582723004033965       -0.1862141986253008        0.0720581017405123
       7.3990507500000007        0.0295788435219098       -0.0133168412257728       -0.2010560217411071        0.2458230138888267        0.0447669921103364
       7.4261535000000007       -0.1310744224324585       -0.0832798590480380       -0.1401526313461191        0.0940226680833910       -0.0461299633000275
       7.4532562500000008        0.2289729109243668        0.1011904443041861        0.3202221775264969       -0.1951431774638573        0.1250790000248877
       7.4803590000000009       -0.0992237339850179       -0.0428781175963222       -0.1217138241336363        0.0724290812603983       -0.0492847429108266
       7.5074617500000009       -0.0483334764803628        0.0773620135106645       -0.0231305127741018       -0.1153446378232317       -0.1384751506347865
       7.5345645000000001       -0.2335667683205503       -0.0461798754654163        0.2027383769233402       -0.3899133364255913       -0.1871749595399267
       7.5616672500000002        0.0138316519485036        0.0123220756051605       -0.2459354475291551        0.2554331032408549        0.0094976556738921
       7.5887700000000002        0.2267161291441323        0.0852216482713707        0.0462927740636581        0.1006176732290196        0.1469104472552172
       7.6158727500000003       -0.0835478076320484       -0.0417616701768726        0.0905721355490675       -0.1330814901561679       -0.0425093546446030
       7.6429755000000004       -0.0250675158111125       -0.0057243472390859       -0.0919109899844236        0.0720162496914430       -0.0198947403303431
       7.6700782500000004       -0.0670198231462668       -0.0093856044909900        0.1037807759553249       -0.1624592483772014       -0.0586784724589514
       7.6971810000000005        0.3763103740953207        0.0703732086572741        0.0219479601773180        0.3027075210957008        0.3246554812355617
       7.7242837500000006        0.3591033679287651        0.0961979353471214        0.1525790145859928        0.1147902866167821        0.2673693011656756
       7.7513865000000006        0.0623287955997101        0.0455088725865318        0.0081097073851229        0.0148709867484681        0.0229806940963842
       7.7784892500000007       -0.2109272566622003       -0.0068522070332227        0.0701800677843874       -0.2625577094324781       -0.1923776416852878
       7.8055920000000008        0.0389547603656461        0.0639619668487231        0.0454729673226884       -0.0549684971982396       -0.0094955299125502
       7.8326947500000008       -0.0940054722169516        0.0668940781399947       -0.0098222254950024       -0.1437224687814258       -0.1535446943131913
       7.8597975000000009        0.1702687613051612        0.0903089879316015        0.1486896773582761       -0.0698361222164231        0.0788535551049531
       7.8869002500000009       -0.0338617861176132        0.0095123609198424       -0.1199039784036253        0.0811321732106933       -0.0387718052297874
       7.9140030000000001        0.1243679694501007        0.0867810639769062        0.0628874989283373       -0.0280220377724010        0.0348654611192723
       7.9411057500000002       -0.0633381576776263       -0.0262434724169137        0.1119356842519291       -0.1510462082400677       -0.0391105240247526
       7.9682085000000002       -0.1028893143104165        0.0415874103218844       -0.0674435782313996       -0.0738564548763684       -0.1413000331442140
       7.9953112500000003        0.0145167031048853        0.0762188731000489       -0.1842185218722734        0.1255134701182170       -0.0587050517906649
       8.0224140000000013       -0.2733137440492505       -0.0470177190389619        0.1047346011011533       -0.3263606198153533       -0.2216260187507877
       8.0495167500000004        0.0095977629807757        0.0422889516921345       -0.0879782202741682        0.0553287302127394       -0.0326494900976857
       8.0766195000000014        0.1031675130583683        0.0170064679478372        0.1220417104881533       -0.0415724570036707        0.0804692534482531
       8.1037222500000006       -0.1414616123489610       -0.0143916741408829        0.0865628154811874       -0.2155736936163201       -0.1290108781711817
       8.1308249999999997        0.1704693725637293        0.1471293973085563       -0.1524494828044545        0.1921088857754084        0.0396594029348083
       8.1579277500000007       -0.2185498829481008       -0.0304197823268648       -0.1515139021194264       -0.0191009237332089       -0.1706148258889340
       8.1850304999999999       -0.0581584645727594       -0.0813176682882977       -0.2205646274590705        0.2411699885087522        0.0206053610134956
       8.2121332500000008       -0.0414829277489162        0.0625098962137858        0.1630942242334994       -0.2633405858708897       -0.1002463616732436
       8.2392360000000000       -0.2160398930946214       -0.0919537697035442        0.2354073708152373       -0.3708941536695708       -0.1354867828903318
       8.2663387500000010       -0.1218482449461912       -0.0283116131287019       -0.2844454274900117        0.1779766315418211       -0.1064687959839917
       8.2934415000000001       -0.0119312005384530        0.0295797566480063       -0.1666760501646665        0.1206422377680348       -0.0460338124321551
       8.3205442500000011        0.0027412086152027        0.0812505575179363       -0.1736568598689546        0.0940827043362510       -0.0795741555685463
       8.3476470000000003       -0.2270051845602704        0.0758671372147847       -0.0450031766087807       -0.2592695414800619       -0.3042727181244524
       8.3747497500000012       -0.1428184169084376       -0.1314905751238503       -0.1078322113747607        0.0942214415157931       -0.0136107698944331
       8.4018525000000004       -0.3702651123022193       -0.0835711402165302        0.1981071793490793       -0.4824648352238901       -0.2843576559101072
       8.4289552500000013        0.0764028996324931        0.0640343542812006       -0.2785900221966355        0.2941690728311114        0.0155790505991968
       8.4560580000000005       -0.1624468712773790       -0.0445415842681560        0.1374164118387712       -0.2495410143634692       -0.1121246025601347
       8.4831607499999997       -0.0350801362149881       -0.0240502030611330       -0.2148837213720622        0.1980313205306182       -0.0168524008768253
       8.5102635000000006        0.1249410459801728        0.0154499201565436       -0.1194932795637293        0.2200312430104199        0.1005379634114797
       8.5373662499999998       -0.1305431297266569        0.0317712877764658        0.1561015127194014       -0.3210942088807819       -0.1649926961963598
       8.5644690000000008        0.0105839189282217        0.0732845283236173       -0.0382820324061331       -0.0191858466832311       -0.0574678791244328
       8.5915717500000000       -0.0460804804987560       -0.0383191404189138        0.0172023576722461       -0.0282152147596785       -0.0110128571225446
       8.6186745000000009       -0.0927580186812327       -0.0270518374128886        0.0069321671713945       -0.0825190981118918       -0.0755869309756527
       8.6457772500000001        0.1398801969994908        0.0113847313437674        0.0739297958591706        0.0619755252027411        0.1359053210269452
       8.6728800000000010        0.0230094626829609        0.0884987188612485       -0.0125543104268895       -0.0578639189183172       -0.0704182293800380
       8.6999827500000002       -0.0016607254145323        0.0064646235279051       -0.0411522689722129        0.0240328099655731       -0.0171194590416694
       8.7270855000000012       -0.0196138822523840        0.0232900865095479       -0.0497682697712698        0.0102907332386183       -0.0394775365676488
       8.7541882500000003       -0.0650366254483805        0.0160481632877842        0.1109412030347384       -0.1987061488981234       -0.0877649458981502
       8.7812910000000013       -0.1530505756986669       -0.0498898241111574       -0.0003370002009277       -0.0929041702224949       -0.0932411704583346
       8.8083937500000005        0.2094216170245565        0.0082103477801896       -0.1895921507599891        0.3923033206792595        0.2027111698845024
       8.8354965000000014        0.2125186433271435        0.0367665885189649       -0.0022915347895314        0.1972166366419824        0.1949251018178467
       8.8625992500000006       -0.0495387446783243       -0.0093462915531488        0.0323788226210725       -0.0680457667191371       -0.0356669441329672
       8.8897019999999998        0.0199303510978568        0.0525015774252571        0.1656988117698399       -0.2006052545861983       -0.0349064428510645
       8.9168047500000007       -0.1811817933355908       -0.0452298955165059        0.0697859978027440       -0.2075510900417509       -0.1377650922738252
       8.9439074999999999       -0.0100147736847068       -0.0253336150752592        0.0242061828376547       -0.0107421363664739        0.0134640464364910
       8.9710102500000009       -0.0403956778539190       -0.0322573659311856        0.1558738698263058       -0.1590364922628414       -0.0031626224712790
       8.9981130000000000        0.2758672916543466       -0.1185374151339456       -0.1585042436562651        0.5527109257468130        0.3942066820558049
       9.0252157500000010       -0.0277715174930850       -0.0032100513512798        0.0908231797903418       -0.1313126143044717       -0.0404894345486615
       9.0523185000000002       -0.1478188715911244       -0.0157376575555894        0.0305417872528240       -0.1471773422793218       -0.1166355550609100
       9.0794212500000011       -0.1003522972348287       -0.0040395776960125        0.2285459186755107       -0.3193872904114534       -0.0908413717707556
       9.1065240000000003        0.0856863088856803        0.0545782274568677       -0.0848075362292397        0.1059289442328240        0.0211214079689504
       9.1336267500000012        0.0031696882694570        0.0520163032837820        0.0058055662961345       -0.0589664628471103       -0.0531608965855569
       9.1607295000000004        0.1369319951170797       -0.0075636575395647       -0.1203990860973016        0.2695757902514306        0.1491767041195942
       9.1878322500000014        0.0474656558576041        0.0481294153404611        0.0410895678107600       -0.0370260573261803        0.0040635104499807
       9.2149350000000005       -0.0806170830080919        0.0265327006338800        0.1185852513865152       -0.2332343987720279       -0.1146491474202602
       9.2420377500000015        0.2230728604350186        0.1622180567111613       -0.0169435780472840        0.0742174817657507        0.0572739036839854
       9.2691405000000007       -0.0364540667803377       -0.0839029905230577        0.1104356557011397       -0.0613916327467069        0.0490440229196712
       9.2962432499999998        0.0527774696287581       -0.0141865867446369        0.0226956017993510        0.0424364439646511        0.0651320457292607
       9.3233460000000008       -0.0402766051439702       -0.0116759911279124        0.1240331653233795       -0.1545741199816256       -0.0305409546928186
       9.3504487500000000       -0.1004123055976578       -0.0847079145394552       -0.0276781835903854        0.0175283590836528       -0.0101498245414893
       9.3775515000000009       -0.0770736309494840       -0.0466786060832198       -0.1502377320986354        0.1193643991166396       -0.0308733330167135
       9.4046542500000001       -0.0628796585544486       -0.1109923747542763        0.0962588135051031       -0.0447262098238486        0.0515326036464595
       9.4317570000000011        0.0331340454260343       -0.0724617146583508        0.0400188734170773        0.0656332669782566        0.1056521403606954
       9.4588597500000002        0.0152069379733410       -0.0404613391264673       -0.0965722524683089        0.1490044492205954        0.0524321967174435
       9.4859625000000012       -0.0490045266302230        0.0695101207384911        0.2248080304353104       -0.3440744646682040       -0.1192664342678618
       9.5130652500000004       -0.0639996641163280       -0.0189887325888610        0.1666390179293813       -0.2113239992860446       -0.0446849813914527
       9.5401680000000013        0.0214102704843099       -0.0027909754841599       -0.0148800773736465        0.0510992364268488        0.0362191590185069
       9.5672707500000005        0.1555708523573294        0.0041720791994854        0.0610857408942404        0.0903732756072796        0.1514590164666708
       9.5943735000000014        0.0413703303791488       -0.0523179324157699        0.1810539863184137       -0.0799877274141565        0.1010662588693932
       9.6214762500000006       -0.0995963356596112       -0.0652676544112587        0.0000212664647905       -0.0382437872021477       -0.0382225207722920
       9.6485789999999998       -0.1783791827938545       -0.0225982208064888        0.0980278016715239       -0.2523853955480734       -0.1543575939112967
       9.6756817500000007        0.0599129544071290        0.0464855531032185       -0.1050609491798746        0.1246824076837703        0.0196214584689671
       9.7027844999999999       -0.0240614515777428       -0.0472931239545800        0.2395275172425506       -0.2136988498630222        0.0258286673445628
       9.7298872500000009        0.0213326961503802        0.0034801958748755        0.0324284549380401       -0.0063744308090926        0.0260540240940019
       9.7569900000000001       -0.0798293725125636       -0.0254865148329436        0.0307572417729777       -0.0850472973903629       -0.0542900556525781
       9.7840927500000010        0.1136152584648576        0.1217010025985497        0.0670864971209463       -0.0733031882926548       -0.0062166912066220
       9.8111955000000002       -0.0470029220920958        0.0436613695061876        0.1912074672113896       -0.2937810887296943       -0.1025736215532632
       9.8382982500000011       -0.0457974677076926       -0.0318732758255725        0.0161637238459606       -0.0330008064612973       -0.0168370826504993
       9.8654010000000003       -0.0890797579127442       -0.0397066411166000        0.0020104938708417       -0.0439369304448520       -0.0419264366090248
       9.8925037500000013       -0.0602924492835413       -0.0533562400825108       -0.0306525407337675        0.0153476967120891       -0.0153048440567425
       9.9196065000000004       -0.0519980109933172       -0.0463192756904299        0.0725150714634863       -0.0782917549386710       -0.0057766835102886
       9.9467092500000014       -0.1025956786003423        0.0130667246743654       -0.0241197882523458       -0.0824881839680021       -0.1066079722557628
       9.9738120000000006        0.0049100309844122       -0.0413645296142380       -0.0618611683336618        0.1155677912148926        0.0537066228460850
      10.0009147500000015        0.0941975135089798        0.0383354183157416       -0.1958213021684975        0.2532428943324428        0.0574215921285960
      10.0280175000000007        0.0651338083864234       -0.0710114909242387       -0.1055955901767637        0.2433241565604250        0.1377285663484334
      10.0551202499999999        0.0329393432271475        0.0546315607888025       -0.0096620591965937       -0.0183558315416487       -0.0280178907734178
      10.0822230000000008        0.0474462146178215       -0.0028217825449361        0.0295756703301026        0.0089275234072441        0.0385031937019754
      10.1093257500000000        0.0296750299261210        0.0621466459683418       -0.1915679244673410        0.1549616027396069       -0.0366063217628618
      10.1364285000000010        0.0068164439895588       -0.0244414086632911        0.0825034062019453       -0.0503268746059844        0.0321765315608138
      10.1635312500000001        0.0852977405087257        0.0170603127260672       -0.0444526286635451        0.1162634305011308        0.0718108018022523
      10.1906340000000011        0.1265776991597748        0.0618798366040357       -0.0521397110329429        0.1103656698472676        0.0582259587789052
      10.2177367500000003       -0.0456855811741720       -0.0448359363355005        0.0587710191884820       -0.0674506603957075       -0.0086796412427118
      10.2448395000000012       -0.0231998865992111       -0.0532078456496496        0.1151896352186226       -0.0923360684495261        0.0228535667334954
      10.2719422500000004        0.3194967324071813        0.1774235432945911       -0.0615827615175323        0.2139024572808119        0.1523196957276627
      10.2990450000000013        0.1347465155559165        0.0258284271805401       -0.0309235194156306        0.1335133491653468        0.1025898297143464
      10.3261477500000005        0.1371829542125363        0.0297041475464139        0.0149814173725083        0.0875310009837460        0.1025124183206202
      10.3532505000000015        0.1479017055367056        0.0688780411187900       -0.2172895004297784        0.2897359653316679        0.0724464648662312
      10.3803532500000006        0.1043894511445851       -0.0008354668292353       -0.0584444251870465        0.1638072306111652        0.1053628053887107
      10.4074559999999998        0.0345715336640505       -0.0511877647624904        0.0167161849316723        0.0693570634930924        0.0860732483891331
      10.4345587500000008        0.0396020653826609        0.0442041261494428       -0.0580767506906337        0.0536953977431426       -0.0043813529830181
      10.4616614999999999       -0.1576061803358586       -0.1026478117836255       -0.1374748296615480        0.0872572092710484       -0.0502176204260314
      10.4887642500000009       -0.0791381776975322       -0.0326410038100334       -0.0334326565134867       -0.0114884138131240       -0.0449210703621225
      10.5158670000000001        0.0579751389863385       -0.0256679078430897       -0.1796685515104786        0.2549411532254467        0.0752726016792725
      10.5429697500000010        0.0888430332448292       -0.0484679657802602        0.0679629524665823        0.0707668413389325        0.1387297937700430
      10.5700725000000002        0.1622173571794373        0.0666158475368983        0.0072780683905573        0.0961878954049612        0.1034659637600106
      10.5971752500000012        0.1050828313107500       -0.0037020800095431       -0.0824167274384831        0.1926837610581561        0.1102670335843024
      10.6242780000000003        0.1244476946311594        0.0655897936306289       -0.0398453987513817        0.0969967665125020        0.0571513677255809
      10.6513807500000013        0.1017254634500248        0.0736876357541773       -0.0361682609408785        0.0537903257039899        0.0176220647277105
      10.6784835000000005       -0.0176033604677599        0.0486919282227746       -0.0115419020473088       -0.0570824895698175       -0.0686243916525384
      10.7055862500000014        0.1093132056145485       -0.0541938961668070       -0.0869424588825275        0.2444879284558565        0.1575454695377872
      10.7326890000000006        0.1623905988923166        0.0661716018060908       -0.2379537671431388        0.3378785088435942        0.0999247416649527
      10.7597917500000015        0.1241413416606728        0.0246315873258011       -0.2174911571130680        0.3100268039021143        0.0925356467536320
      10.7868945000000007       -0.0076065405210664       -0.0501385837066371        0.0385229077277704       -0.0074660406993244        0.0310568669931526
      10.8139972499999999        0.2024959381346536        0.1094565192570444       -0.0234645967234022        0.1136608579252231        0.0901962611664181
      10.8411000000000008        0.0000000000000000        0.0000000000000000        0.0000000000000000        0.0000000000000000        0.0000000000000000
